/var/lib/slurm-llnl/slurmd/job1857935/slurm_script: 2: /var/lib/slurm-llnl/slurmd/job1857935/slurm_script: module: not found
training length:  740
[1,     1] loss: 0.083
[1,    11] loss: 0.631
[1,    21] loss: 0.466
[1,    31] loss: 0.780
[1,    41] loss: 0.397
[1,    51] loss: 0.251
[1,    61] loss: 0.275
[1,    71] loss: 0.356
[1,    81] loss: 0.365
[1,    91] loss: 0.289
[1,   101] loss: 0.255
[1,   111] loss: 0.113
[1,   121] loss: 0.268
[1,   131] loss: 0.352
[1,   141] loss: 0.419
[1,   151] loss: 0.234
[1,   161] loss: 0.143
[1,   171] loss: 0.216
[1,   181] loss: 0.299
[2,     1] loss: 0.014
[2,    11] loss: 0.132
[2,    21] loss: 0.158
[2,    31] loss: 0.216
[2,    41] loss: 0.221
[2,    51] loss: 0.123
[2,    61] loss: 0.230
[2,    71] loss: 0.229
[2,    81] loss: 0.184
[2,    91] loss: 0.226
[2,   101] loss: 0.139
[2,   111] loss: 0.182
[2,   121] loss: 0.138
[2,   131] loss: 0.086
[2,   141] loss: 0.143
[2,   151] loss: 0.228
[2,   161] loss: 0.181
[2,   171] loss: 0.271
[2,   181] loss: 0.161
[3,     1] loss: 0.027
[3,    11] loss: 0.194
[3,    21] loss: 0.161
[3,    31] loss: 0.158
[3,    41] loss: 0.172
[3,    51] loss: 0.099
[3,    61] loss: 0.109
[3,    71] loss: 0.157
[3,    81] loss: 0.165
[3,    91] loss: 0.129
[3,   101] loss: 0.128
[3,   111] loss: 0.162
[3,   121] loss: 0.213
[3,   131] loss: 0.203
[3,   141] loss: 0.132
[3,   151] loss: 0.154
[3,   161] loss: 0.147
[3,   171] loss: 0.145
[3,   181] loss: 0.078
[4,     1] loss: 0.035
[4,    11] loss: 0.102
[4,    21] loss: 0.107
[4,    31] loss: 0.135
[4,    41] loss: 0.184
[4,    51] loss: 0.117
[4,    61] loss: 0.233
[4,    71] loss: 0.092
[4,    81] loss: 0.182
[4,    91] loss: 0.056
[4,   101] loss: 0.181
[4,   111] loss: 0.163
[4,   121] loss: 0.117
[4,   131] loss: 0.147
[4,   141] loss: 0.150
[4,   151] loss: 0.115
[4,   161] loss: 0.182
[4,   171] loss: 0.127
[4,   181] loss: 0.135
[5,     1] loss: 0.025
[5,    11] loss: 0.079
[5,    21] loss: 0.109
[5,    31] loss: 0.112
[5,    41] loss: 0.224
[5,    51] loss: 0.104
[5,    61] loss: 0.143
[5,    71] loss: 0.053
[5,    81] loss: 0.172
[5,    91] loss: 0.171
[5,   101] loss: 0.208
[5,   111] loss: 0.107
[5,   121] loss: 0.116
[5,   131] loss: 0.108
[5,   141] loss: 0.087
[5,   151] loss: 0.091
[5,   161] loss: 0.114
[5,   171] loss: 0.141
[5,   181] loss: 0.096
[6,     1] loss: 0.002
[6,    11] loss: 0.110
[6,    21] loss: 0.037
[6,    31] loss: 0.185
[6,    41] loss: 0.097
[6,    51] loss: 0.186
[6,    61] loss: 0.090
[6,    71] loss: 0.169
[6,    81] loss: 0.044
[6,    91] loss: 0.110
[6,   101] loss: 0.135
[6,   111] loss: 0.059
[6,   121] loss: 0.082
[6,   131] loss: 0.057
[6,   141] loss: 0.183
[6,   151] loss: 0.138
[6,   161] loss: 0.090
[6,   171] loss: 0.086
[6,   181] loss: 0.134
[7,     1] loss: 0.026
[7,    11] loss: 0.040
[7,    21] loss: 0.160
[7,    31] loss: 0.088
[7,    41] loss: 0.059
[7,    51] loss: 0.090
[7,    61] loss: 0.094
[7,    71] loss: 0.129
[7,    81] loss: 0.107
[7,    91] loss: 0.154
[7,   101] loss: 0.204
[7,   111] loss: 0.083
[7,   121] loss: 0.206
[7,   131] loss: 0.134
[7,   141] loss: 0.093
[7,   151] loss: 0.062
[7,   161] loss: 0.156
[7,   171] loss: 0.108
[7,   181] loss: 0.008
[8,     1] loss: 0.001
[8,    11] loss: 0.079
[8,    21] loss: 0.081
[8,    31] loss: 0.085
[8,    41] loss: 0.082
[8,    51] loss: 0.179
[8,    61] loss: 0.128
[8,    71] loss: 0.133
[8,    81] loss: 0.079
[8,    91] loss: 0.130
[8,   101] loss: 0.080
[8,   111] loss: 0.152
[8,   121] loss: 0.053
[8,   131] loss: 0.079
[8,   141] loss: 0.082
[8,   151] loss: 0.205
[8,   161] loss: 0.054
[8,   171] loss: 0.079
[8,   181] loss: 0.153
[9,     1] loss: 0.025
[9,    11] loss: 0.080
[9,    21] loss: 0.053
[9,    31] loss: 0.102
[9,    41] loss: 0.154
[9,    51] loss: 0.132
[9,    61] loss: 0.081
[9,    71] loss: 0.104
[9,    81] loss: 0.078
[9,    91] loss: 0.227
[9,   101] loss: 0.152
[9,   111] loss: 0.077
[9,   121] loss: 0.127
[9,   131] loss: 0.128
[9,   141] loss: 0.101
[9,   151] loss: 0.053
[9,   161] loss: 0.029
[9,   171] loss: 0.104
[9,   181] loss: 0.027
[10,     1] loss: 0.025
[10,    11] loss: 0.127
[10,    21] loss: 0.201
[10,    31] loss: 0.151
[10,    41] loss: 0.053
[10,    51] loss: 0.102
[10,    61] loss: 0.051
[10,    71] loss: 0.101
[10,    81] loss: 0.126
[10,    91] loss: 0.028
[10,   101] loss: 0.077
[10,   111] loss: 0.051
[10,   121] loss: 0.077
[10,   131] loss: 0.051
[10,   141] loss: 0.076
[10,   151] loss: 0.101
[10,   161] loss: 0.151
[10,   171] loss: 0.177
[10,   181] loss: 0.077
finished training
tensor(1.) tensor(1.)
accuracy of the network: 91 %
