/var/lib/slurm-llnl/slurmd/job1944526/slurm_script: 2: /var/lib/slurm-llnl/slurmd/job1944526/slurm_script: module: not found
training length:  7402
[1,     1] loss: 0.055
[1,    11] loss: 0.443
[1,    21] loss: 0.360
[1,    31] loss: 0.212
[1,    41] loss: 0.219
[1,    51] loss: 0.095
[1,    61] loss: 0.117
[1,    71] loss: 0.058
[1,    81] loss: 0.095
[1,    91] loss: 0.171
[1,   101] loss: 0.136
[1,   111] loss: 0.109
[1,   121] loss: 0.128
[1,   131] loss: 0.128
[1,   141] loss: 0.077
[1,   151] loss: 0.106
[1,   161] loss: 0.004
[1,   171] loss: 0.153
[1,   181] loss: 0.103
[1,   191] loss: 0.130
[1,   201] loss: 0.103
[1,   211] loss: 0.077
[1,   221] loss: 0.126
[1,   231] loss: 0.101
[1,   241] loss: 0.178
[1,   251] loss: 0.151
[1,   261] loss: 0.051
[1,   271] loss: 0.101
[1,   281] loss: 0.076
[1,   291] loss: 0.151
[1,   301] loss: 0.152
[1,   311] loss: 0.051
[1,   321] loss: 0.177
[1,   331] loss: 0.176
[1,   341] loss: 0.077
[1,   351] loss: 0.101
[1,   361] loss: 0.126
[1,   371] loss: 0.201
[1,   381] loss: 0.076
[1,   391] loss: 0.176
[1,   401] loss: 0.076
[1,   411] loss: 0.051
[1,   421] loss: 0.100
[1,   431] loss: 0.101
[1,   441] loss: 0.126
[1,   451] loss: 0.151
[1,   461] loss: 0.126
[1,   471] loss: 0.175
[1,   481] loss: 0.076
[1,   491] loss: 0.200
[1,   501] loss: 0.151
[1,   511] loss: 0.125
[1,   521] loss: 0.251
[1,   531] loss: 0.053
[1,   541] loss: 0.027
[1,   551] loss: 0.151
[1,   561] loss: 0.101
[1,   571] loss: 0.276
[1,   581] loss: 0.126
[1,   591] loss: 0.076
[1,   601] loss: 0.051
[1,   611] loss: 0.176
[1,   621] loss: 0.176
[1,   631] loss: 0.076
[1,   641] loss: 0.151
[1,   651] loss: 0.101
[1,   661] loss: 0.175
[1,   671] loss: 0.101
[1,   681] loss: 0.075
[1,   691] loss: 0.026
[1,   701] loss: 0.150
[1,   711] loss: 0.126
[1,   721] loss: 0.151
[1,   731] loss: 0.201
[1,   741] loss: 0.051
[1,   751] loss: 0.175
[1,   761] loss: 0.027
[1,   771] loss: 0.152
[1,   781] loss: 0.027
[1,   791] loss: 0.077
[1,   801] loss: 0.101
[1,   811] loss: 0.150
[1,   821] loss: 0.151
[1,   831] loss: 0.176
[1,   841] loss: 0.126
[1,   851] loss: 0.051
[1,   861] loss: 0.152
[1,   871] loss: 0.051
[1,   881] loss: 0.151
[1,   891] loss: 0.101
[1,   901] loss: 0.101
[1,   911] loss: 0.126
[1,   921] loss: 0.201
[1,   931] loss: 0.027
[1,   941] loss: 0.126
[1,   951] loss: 0.051
[1,   961] loss: 0.077
[1,   971] loss: 0.151
[1,   981] loss: 0.125
[1,   991] loss: 0.101
[1,  1001] loss: 0.101
[1,  1011] loss: 0.151
[1,  1021] loss: 0.126
[1,  1031] loss: 0.100
[1,  1041] loss: 0.100
[1,  1051] loss: 0.226
[1,  1061] loss: 0.151
[1,  1071] loss: 0.151
[1,  1081] loss: 0.076
[1,  1091] loss: 0.076
[1,  1101] loss: 0.125
[1,  1111] loss: 0.176
[1,  1121] loss: 0.051
[1,  1131] loss: 0.076
[1,  1141] loss: 0.226
[1,  1151] loss: 0.150
[1,  1161] loss: 0.150
[1,  1171] loss: 0.151
[1,  1181] loss: 0.101
[1,  1191] loss: 0.077
[1,  1201] loss: 0.077
[1,  1211] loss: 0.078
[1,  1221] loss: 0.177
[1,  1231] loss: 0.226
[1,  1241] loss: 0.051
[1,  1251] loss: 0.101
[1,  1261] loss: 0.127
[1,  1271] loss: 0.052
[1,  1281] loss: 0.202
[1,  1291] loss: 0.076
[1,  1301] loss: 0.151
[1,  1311] loss: 0.176
[1,  1321] loss: 0.126
[1,  1331] loss: 0.125
[1,  1341] loss: 0.100
[1,  1351] loss: 0.100
[1,  1361] loss: 0.150
[1,  1371] loss: 0.076
[1,  1381] loss: 0.076
[1,  1391] loss: 0.051
[1,  1401] loss: 0.101
[1,  1411] loss: 0.150
[1,  1421] loss: 0.200
[1,  1431] loss: 0.126
[1,  1441] loss: 0.150
[1,  1451] loss: 0.076
[1,  1461] loss: 0.101
[1,  1471] loss: 0.076
[1,  1481] loss: 0.076
[1,  1491] loss: 0.051
[1,  1501] loss: 0.176
[1,  1511] loss: 0.075
[1,  1521] loss: 0.151
[1,  1531] loss: 0.126
[1,  1541] loss: 0.125
[1,  1551] loss: 0.026
[1,  1561] loss: 0.076
[1,  1571] loss: 0.101
[1,  1581] loss: 0.151
[1,  1591] loss: 0.251
[1,  1601] loss: 0.076
[1,  1611] loss: 0.101
[1,  1621] loss: 0.051
[1,  1631] loss: 0.151
[1,  1641] loss: 0.125
[1,  1651] loss: 0.076
[1,  1661] loss: 0.076
[1,  1671] loss: 0.101
[1,  1681] loss: 0.126
[1,  1691] loss: 0.076
[1,  1701] loss: 0.026
[1,  1711] loss: 0.100
[1,  1721] loss: 0.026
[1,  1731] loss: 0.251
[1,  1741] loss: 0.100
[1,  1751] loss: 0.100
[1,  1761] loss: 0.125
[1,  1771] loss: 0.126
[1,  1781] loss: 0.101
[1,  1791] loss: 0.200
[1,  1801] loss: 0.100
[1,  1811] loss: 0.126
[1,  1821] loss: 0.101
[1,  1831] loss: 0.126
[1,  1841] loss: 0.076
[1,  1851] loss: 0.176
[2,     1] loss: 0.025
[2,    11] loss: 0.102
[2,    21] loss: 0.177
[2,    31] loss: 0.077
[2,    41] loss: 0.101
[2,    51] loss: 0.201
[2,    61] loss: 0.076
[2,    71] loss: 0.100
[2,    81] loss: 0.075
[2,    91] loss: 0.125
[2,   101] loss: 0.101
[2,   111] loss: 0.101
[2,   121] loss: 0.151
[2,   131] loss: 0.151
[2,   141] loss: 0.127
[2,   151] loss: 0.076
[2,   161] loss: 0.101
[2,   171] loss: 0.152
[2,   181] loss: 0.076
[2,   191] loss: 0.176
[2,   201] loss: 0.052
[2,   211] loss: 0.126
[2,   221] loss: 0.151
[2,   231] loss: 0.076
[2,   241] loss: 0.125
[2,   251] loss: 0.101
[2,   261] loss: 0.076
[2,   271] loss: 0.076
[2,   281] loss: 0.051
[2,   291] loss: 0.051
[2,   301] loss: 0.126
[2,   311] loss: 0.126
[2,   321] loss: 0.102
[2,   331] loss: 0.177
[2,   341] loss: 0.127
[2,   351] loss: 0.101
[2,   361] loss: 0.151
[2,   371] loss: 0.101
[2,   381] loss: 0.100
[2,   391] loss: 0.051
[2,   401] loss: 0.101
[2,   411] loss: 0.075
[2,   421] loss: 0.101
[2,   431] loss: 0.150
[2,   441] loss: 0.100
[2,   451] loss: 0.051
[2,   461] loss: 0.201
[2,   471] loss: 0.051
[2,   481] loss: 0.102
[2,   491] loss: 0.126
[2,   501] loss: 0.101
[2,   511] loss: 0.126
[2,   521] loss: 0.176
[2,   531] loss: 0.052
[2,   541] loss: 0.126
[2,   551] loss: 0.076
[2,   561] loss: 0.126
[2,   571] loss: 0.026
[2,   581] loss: 0.126
[2,   591] loss: 0.101
[2,   601] loss: 0.075
[2,   611] loss: 0.226
[2,   621] loss: 0.127
[2,   631] loss: 0.076
[2,   641] loss: 0.201
[2,   651] loss: 0.101
[2,   661] loss: 0.125
[2,   671] loss: 0.100
[2,   681] loss: 0.175
[2,   691] loss: 0.076
[2,   701] loss: 0.175
[2,   711] loss: 0.200
[2,   721] loss: 0.150
[2,   731] loss: 0.201
[2,   741] loss: 0.051
[2,   751] loss: 0.075
[2,   761] loss: 0.126
[2,   771] loss: 0.151
[2,   781] loss: 0.100
[2,   791] loss: 0.176
[2,   801] loss: 0.201
[2,   811] loss: 0.152
[2,   821] loss: 0.152
[2,   831] loss: 0.126
[2,   841] loss: 0.026
[2,   851] loss: 0.151
[2,   861] loss: 0.052
[2,   871] loss: 0.127
[2,   881] loss: 0.176
[2,   891] loss: 0.150
[2,   901] loss: 0.150
[2,   911] loss: 0.125
[2,   921] loss: 0.126
[2,   931] loss: 0.075
[2,   941] loss: 0.100
[2,   951] loss: 0.125
[2,   961] loss: 0.126
[2,   971] loss: 0.076
[2,   981] loss: 0.176
[2,   991] loss: 0.175
[2,  1001] loss: 0.176
[2,  1011] loss: 0.126
[2,  1021] loss: 0.100
[2,  1031] loss: 0.175
[2,  1041] loss: 0.126
[2,  1051] loss: 0.202
[2,  1061] loss: 0.027
[2,  1071] loss: 0.176
[2,  1081] loss: 0.101
[2,  1091] loss: 0.076
[2,  1101] loss: 0.051
[2,  1111] loss: 0.150
[2,  1121] loss: 0.076
[2,  1131] loss: 0.101
[2,  1141] loss: 0.201
[2,  1151] loss: 0.051
[2,  1161] loss: 0.051
[2,  1171] loss: 0.050
[2,  1181] loss: 0.175
[2,  1191] loss: 0.101
[2,  1201] loss: 0.075
[2,  1211] loss: 0.175
[2,  1221] loss: 0.025
[2,  1231] loss: 0.076
[2,  1241] loss: 0.075
[2,  1251] loss: 0.200
[2,  1261] loss: 0.200
[2,  1271] loss: 0.051
[2,  1281] loss: 0.150
[2,  1291] loss: 0.176
[2,  1301] loss: 0.126
[2,  1311] loss: 0.151
[2,  1321] loss: 0.076
[2,  1331] loss: 0.150
[2,  1341] loss: 0.051
[2,  1351] loss: 0.076
[2,  1361] loss: 0.075
[2,  1371] loss: 0.101
[2,  1381] loss: 0.176
[2,  1391] loss: 0.176
[2,  1401] loss: 0.126
[2,  1411] loss: 0.101
[2,  1421] loss: 0.051
[2,  1431] loss: 0.075
[2,  1441] loss: 0.176
[2,  1451] loss: 0.151
[2,  1461] loss: 0.150
[2,  1471] loss: 0.175
[2,  1481] loss: 0.125
[2,  1491] loss: 0.050
[2,  1501] loss: 0.051
[2,  1511] loss: 0.126
[2,  1521] loss: 0.125
[2,  1531] loss: 0.025
[2,  1541] loss: 0.151
[2,  1551] loss: 0.076
[2,  1561] loss: 0.051
[2,  1571] loss: 0.151
[2,  1581] loss: 0.125
[2,  1591] loss: 0.127
[2,  1601] loss: 0.101
[2,  1611] loss: 0.200
[2,  1621] loss: 0.051
[2,  1631] loss: 0.075
[2,  1641] loss: 0.100
[2,  1651] loss: 0.126
[2,  1661] loss: 0.102
[2,  1671] loss: 0.076
[2,  1681] loss: 0.151
[2,  1691] loss: 0.176
[2,  1701] loss: 0.151
[2,  1711] loss: 0.151
[2,  1721] loss: 0.052
[2,  1731] loss: 0.078
[2,  1741] loss: 0.102
[2,  1751] loss: 0.201
[2,  1761] loss: 0.126
[2,  1771] loss: 0.076
[2,  1781] loss: 0.101
[2,  1791] loss: 0.101
[2,  1801] loss: 0.050
[2,  1811] loss: 0.200
[2,  1821] loss: 0.025
[2,  1831] loss: 0.101
[2,  1841] loss: 0.226
[2,  1851] loss: 0.126
[3,     1] loss: 0.025
[3,    11] loss: 0.075
[3,    21] loss: 0.200
[3,    31] loss: 0.150
[3,    41] loss: 0.126
[3,    51] loss: 0.051
[3,    61] loss: 0.201
[3,    71] loss: 0.201
[3,    81] loss: 0.076
[3,    91] loss: 0.026
[3,   101] loss: 0.126
[3,   111] loss: 0.100
[3,   121] loss: 0.051
[3,   131] loss: 0.125
[3,   141] loss: 0.076
[3,   151] loss: 0.126
[3,   161] loss: 0.126
[3,   171] loss: 0.076
[3,   181] loss: 0.101
[3,   191] loss: 0.100
[3,   201] loss: 0.151
[3,   211] loss: 0.126
[3,   221] loss: 0.101
[3,   231] loss: 0.151
[3,   241] loss: 0.126
[3,   251] loss: 0.176
[3,   261] loss: 0.125
[3,   271] loss: 0.176
[3,   281] loss: 0.125
[3,   291] loss: 0.126
[3,   301] loss: 0.076
[3,   311] loss: 0.151
[3,   321] loss: 0.027
[3,   331] loss: 0.126
[3,   341] loss: 0.150
[3,   351] loss: 0.151
[3,   361] loss: 0.151
[3,   371] loss: 0.201
[3,   381] loss: 0.050
[3,   391] loss: 0.176
[3,   401] loss: 0.101
[3,   411] loss: 0.151
[3,   421] loss: 0.076
[3,   431] loss: 0.051
[3,   441] loss: 0.076
[3,   451] loss: 0.150
[3,   461] loss: 0.101
[3,   471] loss: 0.176
[3,   481] loss: 0.126
[3,   491] loss: 0.125
[3,   501] loss: 0.076
[3,   511] loss: 0.077
[3,   521] loss: 0.077
[3,   531] loss: 0.101
[3,   541] loss: 0.101
[3,   551] loss: 0.125
[3,   561] loss: 0.201
[3,   571] loss: 0.151
[3,   581] loss: 0.101
[3,   591] loss: 0.201
[3,   601] loss: 0.126
[3,   611] loss: 0.101
[3,   621] loss: 0.150
[3,   631] loss: 0.101
[3,   641] loss: 0.125
[3,   651] loss: 0.076
[3,   661] loss: 0.076
[3,   671] loss: 0.051
[3,   681] loss: 0.101
[3,   691] loss: 0.176
[3,   701] loss: 0.126
[3,   711] loss: 0.175
[3,   721] loss: 0.125
[3,   731] loss: 0.101
[3,   741] loss: 0.201
[3,   751] loss: 0.101
[3,   761] loss: 0.126
[3,   771] loss: 0.201
[3,   781] loss: 0.125
[3,   791] loss: 0.125
[3,   801] loss: 0.125
[3,   811] loss: 0.125
[3,   821] loss: 0.075
[3,   831] loss: 0.076
[3,   841] loss: 0.076
[3,   851] loss: 0.002
[3,   861] loss: 0.201
[3,   871] loss: 0.152
[3,   881] loss: 0.077
[3,   891] loss: 0.077
[3,   901] loss: 0.277
[3,   911] loss: 0.076
[3,   921] loss: 0.126
[3,   931] loss: 0.101
[3,   941] loss: 0.051
[3,   951] loss: 0.101
[3,   961] loss: 0.126
[3,   971] loss: 0.126
[3,   981] loss: 0.127
[3,   991] loss: 0.126
[3,  1001] loss: 0.126
[3,  1011] loss: 0.076
[3,  1021] loss: 0.101
[3,  1031] loss: 0.102
[3,  1041] loss: 0.102
[3,  1051] loss: 0.101
[3,  1061] loss: 0.201
[3,  1071] loss: 0.076
[3,  1081] loss: 0.152
[3,  1091] loss: 0.101
[3,  1101] loss: 0.076
[3,  1111] loss: 0.077
[3,  1121] loss: 0.176
[3,  1131] loss: 0.176
[3,  1141] loss: 0.125
[3,  1151] loss: 0.025
[3,  1161] loss: 0.026
[3,  1171] loss: 0.126
[3,  1181] loss: 0.202
[3,  1191] loss: 0.102
[3,  1201] loss: 0.128
[3,  1211] loss: 0.152
[3,  1221] loss: 0.077
[3,  1231] loss: 0.076
[3,  1241] loss: 0.102
[3,  1251] loss: 0.127
[3,  1261] loss: 0.127
[3,  1271] loss: 0.126
[3,  1281] loss: 0.176
[3,  1291] loss: 0.101
[3,  1301] loss: 0.101
[3,  1311] loss: 0.051
[3,  1321] loss: 0.076
[3,  1331] loss: 0.052
[3,  1341] loss: 0.151
[3,  1351] loss: 0.176
[3,  1361] loss: 0.126
[3,  1371] loss: 0.151
[3,  1381] loss: 0.201
[3,  1391] loss: 0.127
[3,  1401] loss: 0.076
[3,  1411] loss: 0.176
[3,  1421] loss: 0.100
[3,  1431] loss: 0.125
[3,  1441] loss: 0.075
[3,  1451] loss: 0.075
[3,  1461] loss: 0.101
[3,  1471] loss: 0.102
[3,  1481] loss: 0.026
[3,  1491] loss: 0.151
[3,  1501] loss: 0.076
[3,  1511] loss: 0.150
[3,  1521] loss: 0.175
[3,  1531] loss: 0.150
[3,  1541] loss: 0.126
[3,  1551] loss: 0.076
[3,  1561] loss: 0.001
[3,  1571] loss: 0.076
[3,  1581] loss: 0.126
[3,  1591] loss: 0.176
[3,  1601] loss: 0.050
[3,  1611] loss: 0.151
[3,  1621] loss: 0.051
[3,  1631] loss: 0.076
[3,  1641] loss: 0.151
[3,  1651] loss: 0.151
[3,  1661] loss: 0.200
[3,  1671] loss: 0.101
[3,  1681] loss: 0.102
[3,  1691] loss: 0.077
[3,  1701] loss: 0.077
[3,  1711] loss: 0.078
[3,  1721] loss: 0.077
[3,  1731] loss: 0.176
[3,  1741] loss: 0.101
[3,  1751] loss: 0.126
[3,  1761] loss: 0.101
[3,  1771] loss: 0.076
[3,  1781] loss: 0.227
[3,  1791] loss: 0.151
[3,  1801] loss: 0.077
[3,  1811] loss: 0.126
[3,  1821] loss: 0.051
[3,  1831] loss: 0.101
[3,  1841] loss: 0.150
[3,  1851] loss: 0.125
[4,     1] loss: 0.050
[4,    11] loss: 0.075
[4,    21] loss: 0.150
[4,    31] loss: 0.126
[4,    41] loss: 0.101
[4,    51] loss: 0.101
[4,    61] loss: 0.151
[4,    71] loss: 0.001
[4,    81] loss: 0.251
[4,    91] loss: 0.052
[4,   101] loss: 0.076
[4,   111] loss: 0.051
[4,   121] loss: 0.051
[4,   131] loss: 0.051
[4,   141] loss: 0.126
[4,   151] loss: 0.101
[4,   161] loss: 0.101
[4,   171] loss: 0.100
[4,   181] loss: 0.175
[4,   191] loss: 0.150
[4,   201] loss: 0.075
[4,   211] loss: 0.101
[4,   221] loss: 0.126
[4,   231] loss: 0.076
[4,   241] loss: 0.077
[4,   251] loss: 0.127
[4,   261] loss: 0.126
[4,   271] loss: 0.101
[4,   281] loss: 0.126
[4,   291] loss: 0.052
[4,   301] loss: 0.077
[4,   311] loss: 0.052
[4,   321] loss: 0.176
[4,   331] loss: 0.151
[4,   341] loss: 0.176
[4,   351] loss: 0.151
[4,   361] loss: 0.177
[4,   371] loss: 0.052
[4,   381] loss: 0.126
[4,   391] loss: 0.126
[4,   401] loss: 0.101
[4,   411] loss: 0.076
[4,   421] loss: 0.151
[4,   431] loss: 0.126
[4,   441] loss: 0.101
[4,   451] loss: 0.252
[4,   461] loss: 0.151
[4,   471] loss: 0.151
[4,   481] loss: 0.102
[4,   491] loss: 0.077
[4,   501] loss: 0.250
[4,   511] loss: 0.076
[4,   521] loss: 0.076
[4,   531] loss: 0.201
[4,   541] loss: 0.151
[4,   551] loss: 0.125
[4,   561] loss: 0.076
[4,   571] loss: 0.075
[4,   581] loss: 0.100
[4,   591] loss: 0.175
[4,   601] loss: 0.251
[4,   611] loss: 0.126
[4,   621] loss: 0.101
[4,   631] loss: 0.076
[4,   641] loss: 0.100
[4,   651] loss: 0.151
[4,   661] loss: 0.201
[4,   671] loss: 0.051
[4,   681] loss: 0.100
[4,   691] loss: 0.126
[4,   701] loss: 0.176
[4,   711] loss: 0.151
[4,   721] loss: 0.076
[4,   731] loss: 0.051
[4,   741] loss: 0.126
[4,   751] loss: 0.151
[4,   761] loss: 0.051
[4,   771] loss: 0.126
[4,   781] loss: 0.076
[4,   791] loss: 0.051
[4,   801] loss: 0.051
[4,   811] loss: 0.101
[4,   821] loss: 0.077
[4,   831] loss: 0.027
[4,   841] loss: 0.126
[4,   851] loss: 0.100
[4,   861] loss: 0.050
[4,   871] loss: 0.101
[4,   881] loss: 0.150
[4,   891] loss: 0.100
[4,   901] loss: 0.126
[4,   911] loss: 0.151
[4,   921] loss: 0.101
[4,   931] loss: 0.101
[4,   941] loss: 0.100
[4,   951] loss: 0.176
[4,   961] loss: 0.126
[4,   971] loss: 0.076
[4,   981] loss: 0.151
[4,   991] loss: 0.101
[4,  1001] loss: 0.076
[4,  1011] loss: 0.102
[4,  1021] loss: 0.226
[4,  1031] loss: 0.126
[4,  1041] loss: 0.176
[4,  1051] loss: 0.151
[4,  1061] loss: 0.226
[4,  1071] loss: 0.126
[4,  1081] loss: 0.177
[4,  1091] loss: 0.128
[4,  1101] loss: 0.202
[4,  1111] loss: 0.101
[4,  1121] loss: 0.176
[4,  1131] loss: 0.027
[4,  1141] loss: 0.126
[4,  1151] loss: 0.101
[4,  1161] loss: 0.225
[4,  1171] loss: 0.050
[4,  1181] loss: 0.051
[4,  1191] loss: 0.100
[4,  1201] loss: 0.100
[4,  1211] loss: 0.101
[4,  1221] loss: 0.176
[4,  1231] loss: 0.076
[4,  1241] loss: 0.101
[4,  1251] loss: 0.101
[4,  1261] loss: 0.101
[4,  1271] loss: 0.076
[4,  1281] loss: 0.151
[4,  1291] loss: 0.201
[4,  1301] loss: 0.151
[4,  1311] loss: 0.101
[4,  1321] loss: 0.076
[4,  1331] loss: 0.101
[4,  1341] loss: 0.076
[4,  1351] loss: 0.125
[4,  1361] loss: 0.226
[4,  1371] loss: 0.126
[4,  1381] loss: 0.126
[4,  1391] loss: 0.125
[4,  1401] loss: 0.100
[4,  1411] loss: 0.101
[4,  1421] loss: 0.125
[4,  1431] loss: 0.150
[4,  1441] loss: 0.050
[4,  1451] loss: 0.076
[4,  1461] loss: 0.126
[4,  1471] loss: 0.150
[4,  1481] loss: 0.026
[4,  1491] loss: 0.026
[4,  1501] loss: 0.151
[4,  1511] loss: 0.101
[4,  1521] loss: 0.125
[4,  1531] loss: 0.201
[4,  1541] loss: 0.075
[4,  1551] loss: 0.176
[4,  1561] loss: 0.050
[4,  1571] loss: 0.050
[4,  1581] loss: 0.126
[4,  1591] loss: 0.076
[4,  1601] loss: 0.226
[4,  1611] loss: 0.152
[4,  1621] loss: 0.076
[4,  1631] loss: 0.101
[4,  1641] loss: 0.126
[4,  1651] loss: 0.151
[4,  1661] loss: 0.100
[4,  1671] loss: 0.151
[4,  1681] loss: 0.076
[4,  1691] loss: 0.101
[4,  1701] loss: 0.175
[4,  1711] loss: 0.127
[4,  1721] loss: 0.177
[4,  1731] loss: 0.177
[4,  1741] loss: 0.051
[4,  1751] loss: 0.076
[4,  1761] loss: 0.051
[4,  1771] loss: 0.126
[4,  1781] loss: 0.052
[4,  1791] loss: 0.102
[4,  1801] loss: 0.052
[4,  1811] loss: 0.176
[4,  1821] loss: 0.176
[4,  1831] loss: 0.101
[4,  1841] loss: 0.100
[4,  1851] loss: 0.126
[5,     1] loss: 0.000
[5,    11] loss: 0.251
[5,    21] loss: 0.101
[5,    31] loss: 0.150
[5,    41] loss: 0.100
[5,    51] loss: 0.100
[5,    61] loss: 0.052
[5,    71] loss: 0.051
[5,    81] loss: 0.051
[5,    91] loss: 0.076
[5,   101] loss: 0.026
[5,   111] loss: 0.152
[5,   121] loss: 0.203
[5,   131] loss: 0.052
[5,   141] loss: 0.176
[5,   151] loss: 0.027
[5,   161] loss: 0.027
[5,   171] loss: 0.251
[5,   181] loss: 0.152
[5,   191] loss: 0.101
[5,   201] loss: 0.127
[5,   211] loss: 0.102
[5,   221] loss: 0.176
[5,   231] loss: 0.100
[5,   241] loss: 0.127
[5,   251] loss: 0.101
[5,   261] loss: 0.126
[5,   271] loss: 0.076
[5,   281] loss: 0.077
[5,   291] loss: 0.103
[5,   301] loss: 0.101
[5,   311] loss: 0.127
[5,   321] loss: 0.077
[5,   331] loss: 0.052
[5,   341] loss: 0.051
[5,   351] loss: 0.101
[5,   361] loss: 0.151
[5,   371] loss: 0.177
[5,   381] loss: 0.152
[5,   391] loss: 0.202
[5,   401] loss: 0.152
[5,   411] loss: 0.101
[5,   421] loss: 0.101
[5,   431] loss: 0.176
[5,   441] loss: 0.051
[5,   451] loss: 0.126
[5,   461] loss: 0.076
[5,   471] loss: 0.077
[5,   481] loss: 0.126
[5,   491] loss: 0.126
[5,   501] loss: 0.175
[5,   511] loss: 0.027
[5,   521] loss: 0.076
[5,   531] loss: 0.076
[5,   541] loss: 0.200
[5,   551] loss: 0.151
[5,   561] loss: 0.077
[5,   571] loss: 0.077
[5,   581] loss: 0.101
[5,   591] loss: 0.075
[5,   601] loss: 0.175
[5,   611] loss: 0.175
[5,   621] loss: 0.126
[5,   631] loss: 0.077
[5,   641] loss: 0.077
[5,   651] loss: 0.051
[5,   661] loss: 0.101
[5,   671] loss: 0.101
[5,   681] loss: 0.076
[5,   691] loss: 0.076
[5,   701] loss: 0.051
[5,   711] loss: 0.176
[5,   721] loss: 0.152
[5,   731] loss: 0.102
[5,   741] loss: 0.102
[5,   751] loss: 0.126
[5,   761] loss: 0.075
[5,   771] loss: 0.100
[5,   781] loss: 0.050
[5,   791] loss: 0.051
[5,   801] loss: 0.100
[5,   811] loss: 0.150
[5,   821] loss: 0.127
[5,   831] loss: 0.176
[5,   841] loss: 0.125
[5,   851] loss: 0.151
[5,   861] loss: 0.152
[5,   871] loss: 0.076
[5,   881] loss: 0.026
[5,   891] loss: 0.176
[5,   901] loss: 0.127
[5,   911] loss: 0.127
[5,   921] loss: 0.101
[5,   931] loss: 0.150
[5,   941] loss: 0.125
[5,   951] loss: 0.101
[5,   961] loss: 0.075
[5,   971] loss: 0.350
[5,   981] loss: 0.075
[5,   991] loss: 0.100
[5,  1001] loss: 0.101
[5,  1011] loss: 0.101
[5,  1021] loss: 0.101
[5,  1031] loss: 0.151
[5,  1041] loss: 0.151
[5,  1051] loss: 0.151
[5,  1061] loss: 0.076
[5,  1071] loss: 0.076
[5,  1081] loss: 0.076
[5,  1091] loss: 0.101
[5,  1101] loss: 0.100
[5,  1111] loss: 0.025
[5,  1121] loss: 0.050
[5,  1131] loss: 0.100
[5,  1141] loss: 0.051
[5,  1151] loss: 0.126
[5,  1161] loss: 0.051
[5,  1171] loss: 0.025
[5,  1181] loss: 0.026
[5,  1191] loss: 0.076
[5,  1201] loss: 0.150
[5,  1211] loss: 0.151
[5,  1221] loss: 0.201
[5,  1231] loss: 0.150
[5,  1241] loss: 0.100
[5,  1251] loss: 0.101
[5,  1261] loss: 0.200
[5,  1271] loss: 0.100
[5,  1281] loss: 0.150
[5,  1291] loss: 0.151
[5,  1301] loss: 0.026
[5,  1311] loss: 0.150
[5,  1321] loss: 0.151
[5,  1331] loss: 0.176
[5,  1341] loss: 0.152
[5,  1351] loss: 0.177
[5,  1361] loss: 0.102
[5,  1371] loss: 0.026
[5,  1381] loss: 0.051
[5,  1391] loss: 0.126
[5,  1401] loss: 0.077
[5,  1411] loss: 0.127
[5,  1421] loss: 0.227
[5,  1431] loss: 0.128
[5,  1441] loss: 0.152
[5,  1451] loss: 0.101
[5,  1461] loss: 0.101
[5,  1471] loss: 0.175
[5,  1481] loss: 0.076
[5,  1491] loss: 0.125
[5,  1501] loss: 0.075
[5,  1511] loss: 0.175
[5,  1521] loss: 0.126
[5,  1531] loss: 0.126
[5,  1541] loss: 0.200
[5,  1551] loss: 0.100
[5,  1561] loss: 0.076
[5,  1571] loss: 0.225
[5,  1581] loss: 0.101
[5,  1591] loss: 0.201
[5,  1601] loss: 0.103
[5,  1611] loss: 0.151
[5,  1621] loss: 0.051
[5,  1631] loss: 0.076
[5,  1641] loss: 0.175
[5,  1651] loss: 0.102
[5,  1661] loss: 0.101
[5,  1671] loss: 0.250
[5,  1681] loss: 0.126
[5,  1691] loss: 0.076
[5,  1701] loss: 0.126
[5,  1711] loss: 0.126
[5,  1721] loss: 0.175
[5,  1731] loss: 0.126
[5,  1741] loss: 0.026
[5,  1751] loss: 0.226
[5,  1761] loss: 0.126
[5,  1771] loss: 0.151
[5,  1781] loss: 0.125
[5,  1791] loss: 0.225
[5,  1801] loss: 0.176
[5,  1811] loss: 0.101
[5,  1821] loss: 0.126
[5,  1831] loss: 0.075
[5,  1841] loss: 0.150
[5,  1851] loss: 0.127
[6,     1] loss: 0.000
[6,    11] loss: 0.176
[6,    21] loss: 0.176
[6,    31] loss: 0.051
[6,    41] loss: 0.050
[6,    51] loss: 0.125
[6,    61] loss: 0.076
[6,    71] loss: 0.076
[6,    81] loss: 0.050
[6,    91] loss: 0.076
[6,   101] loss: 0.051
[6,   111] loss: 0.050
[6,   121] loss: 0.125
[6,   131] loss: 0.051
[6,   141] loss: 0.125
[6,   151] loss: 0.176
[6,   161] loss: 0.050
[6,   171] loss: 0.151
[6,   181] loss: 0.103
[6,   191] loss: 0.103
[6,   201] loss: 0.152
[6,   211] loss: 0.076
[6,   221] loss: 0.075
[6,   231] loss: 0.126
[6,   241] loss: 0.075
[6,   251] loss: 0.125
[6,   261] loss: 0.151
[6,   271] loss: 0.151
[6,   281] loss: 0.100
[6,   291] loss: 0.100
[6,   301] loss: 0.101
[6,   311] loss: 0.150
[6,   321] loss: 0.250
[6,   331] loss: 0.226
[6,   341] loss: 0.101
[6,   351] loss: 0.076
[6,   361] loss: 0.051
[6,   371] loss: 0.201
[6,   381] loss: 0.100
[6,   391] loss: 0.050
[6,   401] loss: 0.226
[6,   411] loss: 0.151
[6,   421] loss: 0.025
[6,   431] loss: 0.076
[6,   441] loss: 0.100
[6,   451] loss: 0.150
[6,   461] loss: 0.126
[6,   471] loss: 0.125
[6,   481] loss: 0.128
[6,   491] loss: 0.101
[6,   501] loss: 0.150
[6,   511] loss: 0.076
[6,   521] loss: 0.251
[6,   531] loss: 0.224
[6,   541] loss: 0.151
[6,   551] loss: 0.176
[6,   561] loss: 0.149
[6,   571] loss: 0.150
[6,   581] loss: 0.076
[6,   591] loss: 0.201
[6,   601] loss: 0.077
[6,   611] loss: 0.077
[6,   621] loss: 0.101
[6,   631] loss: 0.076
[6,   641] loss: 0.177
[6,   651] loss: 0.075
[6,   661] loss: 0.101
[6,   671] loss: 0.076
[6,   681] loss: 0.100
[6,   691] loss: 0.125
[6,   701] loss: 0.125
[6,   711] loss: 0.126
[6,   721] loss: 0.077
[6,   731] loss: 0.174
[6,   741] loss: 0.101
[6,   751] loss: 0.151
[6,   761] loss: 0.076
[6,   771] loss: 0.051
[6,   781] loss: 0.076
[6,   791] loss: 0.101
[6,   801] loss: 0.076
[6,   811] loss: 0.102
[6,   821] loss: 0.202
[6,   831] loss: 0.101
[6,   841] loss: 0.126
[6,   851] loss: 0.076
[6,   861] loss: 0.150
[6,   871] loss: 0.051
[6,   881] loss: 0.151
[6,   891] loss: 0.150
[6,   901] loss: 0.075
[6,   911] loss: 0.076
[6,   921] loss: 0.076
[6,   931] loss: 0.126
[6,   941] loss: 0.101
[6,   951] loss: 0.101
[6,   961] loss: 0.151
[6,   971] loss: 0.174
[6,   981] loss: 0.100
[6,   991] loss: 0.101
[6,  1001] loss: 0.150
[6,  1011] loss: 0.026
[6,  1021] loss: 0.150
[6,  1031] loss: 0.026
[6,  1041] loss: 0.076
[6,  1051] loss: 0.202
[6,  1061] loss: 0.027
[6,  1071] loss: 0.151
[6,  1081] loss: 0.128
[6,  1091] loss: 0.102
[6,  1101] loss: 0.076
[6,  1111] loss: 0.151
[6,  1121] loss: 0.050
[6,  1131] loss: 0.101
[6,  1141] loss: 0.125
[6,  1151] loss: 0.150
[6,  1161] loss: 0.076
[6,  1171] loss: 0.126
[6,  1181] loss: 0.125
[6,  1191] loss: 0.151
[6,  1201] loss: 0.152
[6,  1211] loss: 0.227
[6,  1221] loss: 0.026
[6,  1231] loss: 0.052
[6,  1241] loss: 0.076
[6,  1251] loss: 0.126
[6,  1261] loss: 0.075
[6,  1271] loss: 0.050
[6,  1281] loss: 0.125
[6,  1291] loss: 0.051
[6,  1301] loss: 0.052
[6,  1311] loss: 0.126
[6,  1321] loss: 0.076
[6,  1331] loss: 0.026
[6,  1341] loss: 0.126
[6,  1351] loss: 0.125
[6,  1361] loss: 0.050
[6,  1371] loss: 0.175
[6,  1381] loss: 0.051
[6,  1391] loss: 0.101
[6,  1401] loss: 0.151
[6,  1411] loss: 0.150
[6,  1421] loss: 0.151
[6,  1431] loss: 0.126
[6,  1441] loss: 0.101
[6,  1451] loss: 0.126
[6,  1461] loss: 0.101
[6,  1471] loss: 0.152
[6,  1481] loss: 0.077
[6,  1491] loss: 0.175
[6,  1501] loss: 0.076
[6,  1511] loss: 0.201
[6,  1521] loss: 0.051
[6,  1531] loss: 0.126
[6,  1541] loss: 0.200
[6,  1551] loss: 0.076
[6,  1561] loss: 0.051
[6,  1571] loss: 0.151
[6,  1581] loss: 0.202
[6,  1591] loss: 0.226
[6,  1601] loss: 0.226
[6,  1611] loss: 0.100
[6,  1621] loss: 0.150
[6,  1631] loss: 0.150
[6,  1641] loss: 0.075
[6,  1651] loss: 0.101
[6,  1661] loss: 0.175
[6,  1671] loss: 0.101
[6,  1681] loss: 0.100
[6,  1691] loss: 0.200
[6,  1701] loss: 0.126
[6,  1711] loss: 0.175
[6,  1721] loss: 0.151
[6,  1731] loss: 0.101
[6,  1741] loss: 0.201
[6,  1751] loss: 0.101
[6,  1761] loss: 0.101
[6,  1771] loss: 0.076
[6,  1781] loss: 0.075
[6,  1791] loss: 0.150
[6,  1801] loss: 0.051
[6,  1811] loss: 0.125
[6,  1821] loss: 0.126
[6,  1831] loss: 0.101
[6,  1841] loss: 0.126
[6,  1851] loss: 0.275
[7,     1] loss: 0.000
[7,    11] loss: 0.101
[7,    21] loss: 0.176
[7,    31] loss: 0.151
[7,    41] loss: 0.275
[7,    51] loss: 0.200
[7,    61] loss: 0.126
[7,    71] loss: 0.176
[7,    81] loss: 0.126
[7,    91] loss: 0.051
[7,   101] loss: 0.150
[7,   111] loss: 0.151
[7,   121] loss: 0.125
[7,   131] loss: 0.125
[7,   141] loss: 0.151
[7,   151] loss: 0.101
[7,   161] loss: 0.026
[7,   171] loss: 0.101
[7,   181] loss: 0.101
[7,   191] loss: 0.051
[7,   201] loss: 0.076
[7,   211] loss: 0.126
[7,   221] loss: 0.126
[7,   231] loss: 0.050
[7,   241] loss: 0.151
[7,   251] loss: 0.101
[7,   261] loss: 0.100
[7,   271] loss: 0.101
[7,   281] loss: 0.101
[7,   291] loss: 0.150
[7,   301] loss: 0.050
[7,   311] loss: 0.125
[7,   321] loss: 0.126
[7,   331] loss: 0.252
[7,   341] loss: 0.078
[7,   351] loss: 0.151
[7,   361] loss: 0.100
[7,   371] loss: 0.175
[7,   381] loss: 0.076
[7,   391] loss: 0.075
[7,   401] loss: 0.101
[7,   411] loss: 0.177
[7,   421] loss: 0.051
[7,   431] loss: 0.126
[7,   441] loss: 0.126
[7,   451] loss: 0.226
[7,   461] loss: 0.026
[7,   471] loss: 0.151
[7,   481] loss: 0.125
[7,   491] loss: 0.151
[7,   501] loss: 0.202
[7,   511] loss: 0.152
[7,   521] loss: 0.026
[7,   531] loss: 0.077
[7,   541] loss: 0.076
[7,   551] loss: 0.075
[7,   561] loss: 0.225
[7,   571] loss: 0.075
[7,   581] loss: 0.125
[7,   591] loss: 0.075
[7,   601] loss: 0.076
[7,   611] loss: 0.076
[7,   621] loss: 0.101
[7,   631] loss: 0.051
[7,   641] loss: 0.225
[7,   651] loss: 0.150
[7,   661] loss: 0.101
[7,   671] loss: 0.126
[7,   681] loss: 0.100
[7,   691] loss: 0.076
[7,   701] loss: 0.150
[7,   711] loss: 0.200
[7,   721] loss: 0.100
[7,   731] loss: 0.051
[7,   741] loss: 0.076
[7,   751] loss: 0.075
[7,   761] loss: 0.100
[7,   771] loss: 0.126
[7,   781] loss: 0.175
[7,   791] loss: 0.175
[7,   801] loss: 0.076
[7,   811] loss: 0.102
[7,   821] loss: 0.127
[7,   831] loss: 0.126
[7,   841] loss: 0.077
[7,   851] loss: 0.151
[7,   861] loss: 0.126
[7,   871] loss: 0.176
[7,   881] loss: 0.125
[7,   891] loss: 0.051
[7,   901] loss: 0.126
[7,   911] loss: 0.101
[7,   921] loss: 0.101
[7,   931] loss: 0.150
[7,   941] loss: 0.176
[7,   951] loss: 0.127
[7,   961] loss: 0.102
[7,   971] loss: 0.076
[7,   981] loss: 0.200
[7,   991] loss: 0.050
[7,  1001] loss: 0.149
[7,  1011] loss: 0.100
[7,  1021] loss: 0.151
[7,  1031] loss: 0.224
[7,  1041] loss: 0.076
[7,  1051] loss: 0.051
[7,  1061] loss: 0.051
[7,  1071] loss: 0.101
[7,  1081] loss: 0.027
[7,  1091] loss: 0.076
[7,  1101] loss: 0.076
[7,  1111] loss: 0.125
[7,  1121] loss: 0.100
[7,  1131] loss: 0.126
[7,  1141] loss: 0.151
[7,  1151] loss: 0.101
[7,  1161] loss: 0.151
[7,  1171] loss: 0.126
[7,  1181] loss: 0.101
[7,  1191] loss: 0.102
[7,  1201] loss: 0.176
[7,  1211] loss: 0.223
[7,  1221] loss: 0.100
[7,  1231] loss: 0.101
[7,  1241] loss: 0.124
[7,  1251] loss: 0.149
[7,  1261] loss: 0.102
[7,  1271] loss: 0.101
[7,  1281] loss: 0.101
[7,  1291] loss: 0.176
[7,  1301] loss: 0.227
[7,  1311] loss: 0.052
[7,  1321] loss: 0.002
[7,  1331] loss: 0.027
[7,  1341] loss: 0.151
[7,  1351] loss: 0.125
[7,  1361] loss: 0.101
[7,  1371] loss: 0.074
[7,  1381] loss: 0.151
[7,  1391] loss: 0.152
[7,  1401] loss: 0.176
[7,  1411] loss: 0.151
[7,  1421] loss: 0.127
[7,  1431] loss: 0.076
[7,  1441] loss: 0.100
[7,  1451] loss: 0.226
[7,  1461] loss: 0.100
[7,  1471] loss: 0.026
[7,  1481] loss: 0.251
[7,  1491] loss: 0.150
[7,  1501] loss: 0.076
[7,  1511] loss: 0.075
[7,  1521] loss: 0.301
[7,  1531] loss: 0.077
[7,  1541] loss: 0.077
[7,  1551] loss: 0.199
[7,  1561] loss: 0.051
[7,  1571] loss: 0.122
[7,  1581] loss: 0.200
[7,  1591] loss: 0.077
[7,  1601] loss: 0.076
[7,  1611] loss: 0.151
[7,  1621] loss: 0.073
[7,  1631] loss: 0.077
[7,  1641] loss: 0.147
[7,  1651] loss: 0.176
[7,  1661] loss: 0.101
[7,  1671] loss: 0.051
[7,  1681] loss: 0.026
[7,  1691] loss: 0.201
[7,  1701] loss: 0.101
[7,  1711] loss: 0.051
[7,  1721] loss: 0.098
[7,  1731] loss: 0.192
[7,  1741] loss: 0.027
[7,  1751] loss: 0.070
[7,  1761] loss: 0.127
[7,  1771] loss: 0.101
[7,  1781] loss: 0.052
[7,  1791] loss: 0.051
[7,  1801] loss: 0.125
[7,  1811] loss: 0.101
[7,  1821] loss: 0.026
[7,  1831] loss: 0.076
[7,  1841] loss: 0.124
[7,  1851] loss: 0.102
[8,     1] loss: 0.050
[8,    11] loss: 0.101
[8,    21] loss: 0.175
[8,    31] loss: 0.001
[8,    41] loss: 0.201
[8,    51] loss: 0.101
[8,    61] loss: 0.127
[8,    71] loss: 0.152
[8,    81] loss: 0.052
[8,    91] loss: 0.101
[8,   101] loss: 0.100
[8,   111] loss: 0.076
[8,   121] loss: 0.101
[8,   131] loss: 0.175
[8,   141] loss: 0.200
[8,   151] loss: 0.126
[8,   161] loss: 0.101
[8,   171] loss: 0.175
[8,   181] loss: 0.076
[8,   191] loss: 0.225
[8,   201] loss: 0.175
[8,   211] loss: 0.250
[8,   221] loss: 0.076
[8,   231] loss: 0.101
[8,   241] loss: 0.151
[8,   251] loss: 0.076
[8,   261] loss: 0.076
[8,   271] loss: 0.176
[8,   281] loss: 0.176
[8,   291] loss: 0.025
[8,   301] loss: 0.025
[8,   311] loss: 0.025
[8,   321] loss: 0.126
[8,   331] loss: 0.126
[8,   341] loss: 0.151
[8,   351] loss: 0.026
[8,   361] loss: 0.100
[8,   371] loss: 0.150
[8,   381] loss: 0.121
[8,   391] loss: 0.026
[8,   401] loss: 0.051
[8,   411] loss: 0.126
[8,   421] loss: 0.077
[8,   431] loss: 0.127
[8,   441] loss: 0.103
[8,   451] loss: 0.103
[8,   461] loss: 0.129
[8,   471] loss: 0.076
[8,   481] loss: 0.176
[8,   491] loss: 0.101
[8,   501] loss: 0.025
[8,   511] loss: 0.050
[8,   521] loss: 0.175
[8,   531] loss: 0.126
[8,   541] loss: 0.076
[8,   551] loss: 0.073
[8,   561] loss: 0.125
[8,   571] loss: 0.151
[8,   581] loss: 0.092
[8,   591] loss: 0.049
[8,   601] loss: 0.076
[8,   611] loss: 0.151
[8,   621] loss: 0.076
[8,   631] loss: 0.051
[8,   641] loss: 0.151
[8,   651] loss: 0.176
[8,   661] loss: 0.126
[8,   671] loss: 0.051
[8,   681] loss: 0.076
[8,   691] loss: 0.026
[8,   701] loss: 0.101
[8,   711] loss: 0.126
[8,   721] loss: 0.226
[8,   731] loss: 0.095
[8,   741] loss: 0.075
[8,   751] loss: 0.050
[8,   761] loss: 0.076
[8,   771] loss: 0.077
[8,   781] loss: 0.126
[8,   791] loss: 0.217
[8,   801] loss: 0.137
[8,   811] loss: 0.079
[8,   821] loss: 0.100
[8,   831] loss: 0.201
[8,   841] loss: 0.076
[8,   851] loss: 0.077
[8,   861] loss: 0.201
[8,   871] loss: 0.250
[8,   881] loss: 0.175
[8,   891] loss: 0.100
[8,   901] loss: 0.075
[8,   911] loss: 0.150
[8,   921] loss: 0.051
[8,   931] loss: 0.194
[8,   941] loss: 0.102
[8,   951] loss: 0.126
[8,   961] loss: 0.149
[8,   971] loss: 0.075
[8,   981] loss: 0.076
[8,   991] loss: 0.100
[8,  1001] loss: 0.201
[8,  1011] loss: 0.102
[8,  1021] loss: 0.026
[8,  1031] loss: 0.148
[8,  1041] loss: 0.101
[8,  1051] loss: 0.225
[8,  1061] loss: 0.100
[8,  1071] loss: 0.151
[8,  1081] loss: 0.174
[8,  1091] loss: 0.230
[8,  1101] loss: 0.111
[8,  1111] loss: 0.126
[8,  1121] loss: 0.077
[8,  1131] loss: 0.098
[8,  1141] loss: 0.091
[8,  1151] loss: 0.151
[8,  1161] loss: 0.101
[8,  1171] loss: 0.126
[8,  1181] loss: 0.026
[8,  1191] loss: 0.150
[8,  1201] loss: 0.150
[8,  1211] loss: 0.098
[8,  1221] loss: 0.151
[8,  1231] loss: 0.081
[8,  1241] loss: 0.201
[8,  1251] loss: 0.201
[8,  1261] loss: 0.076
[8,  1271] loss: 0.151
[8,  1281] loss: 0.177
[8,  1291] loss: 0.176
[8,  1301] loss: 0.076
[8,  1311] loss: 0.200
[8,  1321] loss: 0.150
[8,  1331] loss: 0.101
[8,  1341] loss: 0.026
[8,  1351] loss: 0.074
[8,  1361] loss: 0.050
[8,  1371] loss: 0.076
[8,  1381] loss: 0.058
[8,  1391] loss: 0.102
[8,  1401] loss: 0.118
[8,  1411] loss: 0.150
[8,  1421] loss: 0.079
[8,  1431] loss: 0.101
[8,  1441] loss: 0.200
[8,  1451] loss: 0.126
[8,  1461] loss: 0.126
[8,  1471] loss: 0.101
[8,  1481] loss: 0.100
[8,  1491] loss: 0.091
[8,  1501] loss: 0.051
[8,  1511] loss: 0.102
[8,  1521] loss: 0.101
[8,  1531] loss: 0.076
[8,  1541] loss: 0.101
[8,  1551] loss: 0.076
[8,  1561] loss: 0.200
[8,  1571] loss: 0.151
[8,  1581] loss: 0.151
[8,  1591] loss: 0.075
[8,  1601] loss: 0.176
[8,  1611] loss: 0.102
[8,  1621] loss: 0.202
[8,  1631] loss: 0.118
[8,  1641] loss: 0.176
[8,  1651] loss: 0.044
[8,  1661] loss: 0.100
[8,  1671] loss: 0.075
[8,  1681] loss: 0.126
[8,  1691] loss: 0.149
[8,  1701] loss: 0.102
[8,  1711] loss: 0.074
[8,  1721] loss: 0.151
[8,  1731] loss: 0.027
[8,  1741] loss: 0.199
[8,  1751] loss: 0.150
[8,  1761] loss: 0.075
[8,  1771] loss: 0.087
[8,  1781] loss: 0.105
[8,  1791] loss: 0.129
[8,  1801] loss: 0.178
[8,  1811] loss: 0.077
[8,  1821] loss: 0.150
[8,  1831] loss: 0.051
[8,  1841] loss: 0.076
[8,  1851] loss: 0.151
[9,     1] loss: 0.000
[9,    11] loss: 0.099
[9,    21] loss: 0.204
[9,    31] loss: 0.075
[9,    41] loss: 0.176
[9,    51] loss: 0.101
[9,    61] loss: 0.026
[9,    71] loss: 0.076
[9,    81] loss: 0.175
[9,    91] loss: 0.127
[9,   101] loss: 0.076
[9,   111] loss: 0.076
[9,   121] loss: 0.051
[9,   131] loss: 0.126
[9,   141] loss: 0.151
[9,   151] loss: 0.224
[9,   161] loss: 0.026
[9,   171] loss: 0.074
[9,   181] loss: 0.222
[9,   191] loss: 0.076
[9,   201] loss: 0.100
[9,   211] loss: 0.225
[9,   221] loss: 0.027
[9,   231] loss: 0.250
[9,   241] loss: 0.051
[9,   251] loss: 0.101
[9,   261] loss: 0.077
[9,   271] loss: 0.125
[9,   281] loss: 0.177
[9,   291] loss: 0.101
[9,   301] loss: 0.076
[9,   311] loss: 0.117
[9,   321] loss: 0.068
[9,   331] loss: 0.066
[9,   341] loss: 0.074
[9,   351] loss: 0.082
[9,   361] loss: 0.026
[9,   371] loss: 0.175
[9,   381] loss: 0.101
[9,   391] loss: 0.126
[9,   401] loss: 0.051
[9,   411] loss: 0.101
[9,   421] loss: 0.083
[9,   431] loss: 0.112
[9,   441] loss: 0.129
[9,   451] loss: 0.176
[9,   461] loss: 0.150
[9,   471] loss: 0.150
[9,   481] loss: 0.201
[9,   491] loss: 0.096
[9,   501] loss: 0.176
[9,   511] loss: 0.101
[9,   521] loss: 0.124
[9,   531] loss: 0.051
[9,   541] loss: 0.151
[9,   551] loss: 0.172
[9,   561] loss: 0.126
[9,   571] loss: 0.076
[9,   581] loss: 0.116
[9,   591] loss: 0.050
[9,   601] loss: 0.076
[9,   611] loss: 0.175
[9,   621] loss: 0.225
[9,   631] loss: 0.079
[9,   641] loss: 0.099
[9,   651] loss: 0.076
[9,   661] loss: 0.126
[9,   671] loss: 0.150
[9,   681] loss: 0.146
[9,   691] loss: 0.103
[9,   701] loss: 0.126
[9,   711] loss: 0.076
[9,   721] loss: 0.174
[9,   731] loss: 0.201
[9,   741] loss: 0.224
[9,   751] loss: 0.227
[9,   761] loss: 0.128
[9,   771] loss: 0.051
[9,   781] loss: 0.125
[9,   791] loss: 0.127
[9,   801] loss: 0.176
[9,   811] loss: 0.027
[9,   821] loss: 0.103
[9,   831] loss: 0.076
[9,   841] loss: 0.124
[9,   851] loss: 0.151
[9,   861] loss: 0.075
[9,   871] loss: 0.201
[9,   881] loss: 0.103
[9,   891] loss: 0.052
[9,   901] loss: 0.051
[9,   911] loss: 0.151
[9,   921] loss: 0.077
[9,   931] loss: 0.125
[9,   941] loss: 0.126
[9,   951] loss: 0.077
[9,   961] loss: 0.069
[9,   971] loss: 0.135
[9,   981] loss: 0.125
[9,   991] loss: 0.125
[9,  1001] loss: 0.118
[9,  1011] loss: 0.055
[9,  1021] loss: 0.101
[9,  1031] loss: 0.150
[9,  1041] loss: 0.126
[9,  1051] loss: 0.051
[9,  1061] loss: 0.102
[9,  1071] loss: 0.151
[9,  1081] loss: 0.111
[9,  1091] loss: 0.026
[9,  1101] loss: 0.137
[9,  1111] loss: 0.150
[9,  1121] loss: 0.127
[9,  1131] loss: 0.053
[9,  1141] loss: 0.152
[9,  1151] loss: 0.127
[9,  1161] loss: 0.077
[9,  1171] loss: 0.177
[9,  1181] loss: 0.053
[9,  1191] loss: 0.073
[9,  1201] loss: 0.078
[9,  1211] loss: 0.127
[9,  1221] loss: 0.050
[9,  1231] loss: 0.051
[9,  1241] loss: 0.077
[9,  1251] loss: 0.127
[9,  1261] loss: 0.105
[9,  1271] loss: 0.179
[9,  1281] loss: 0.101
[9,  1291] loss: 0.102
[9,  1301] loss: 0.076
[9,  1311] loss: 0.127
[9,  1321] loss: 0.126
[9,  1331] loss: 0.077
[9,  1341] loss: 0.176
[9,  1351] loss: 0.126
[9,  1361] loss: 0.048
[9,  1371] loss: 0.076
[9,  1381] loss: 0.075
[9,  1391] loss: 0.180
[9,  1401] loss: 0.151
[9,  1411] loss: 0.126
[9,  1421] loss: 0.151
[9,  1431] loss: 0.201
[9,  1441] loss: 0.101
[9,  1451] loss: 0.188
[9,  1461] loss: 0.026
[9,  1471] loss: 0.101
[9,  1481] loss: 0.102
[9,  1491] loss: 0.025
[9,  1501] loss: 0.102
[9,  1511] loss: 0.103
[9,  1521] loss: 0.101
[9,  1531] loss: 0.052
[9,  1541] loss: 0.152
[9,  1551] loss: 0.175
[9,  1561] loss: 0.150
[9,  1571] loss: 0.165
[9,  1581] loss: 0.076
[9,  1591] loss: 0.138
[9,  1601] loss: 0.126
[9,  1611] loss: 0.100
[9,  1621] loss: 0.102
[9,  1631] loss: 0.051
[9,  1641] loss: 0.101
[9,  1651] loss: 0.217
[9,  1661] loss: 0.175
[9,  1671] loss: 0.124
[9,  1681] loss: 0.026
[9,  1691] loss: 0.121
[9,  1701] loss: 0.077
[9,  1711] loss: 0.117
[9,  1721] loss: 0.124
[9,  1731] loss: 0.171
[9,  1741] loss: 0.126
[9,  1751] loss: 0.164
[9,  1761] loss: 0.101
[9,  1771] loss: 0.036
[9,  1781] loss: 0.092
[9,  1791] loss: 0.168
[9,  1801] loss: 0.102
[9,  1811] loss: 0.221
[9,  1821] loss: 0.102
[9,  1831] loss: 0.051
[9,  1841] loss: 0.076
[9,  1851] loss: 0.151
[10,     1] loss: 0.000
[10,    11] loss: 0.167
[10,    21] loss: 0.077
[10,    31] loss: 0.126
[10,    41] loss: 0.026
[10,    51] loss: 0.168
[10,    61] loss: 0.027
[10,    71] loss: 0.167
[10,    81] loss: 0.120
[10,    91] loss: 0.107
[10,   101] loss: 0.076
[10,   111] loss: 0.076
[10,   121] loss: 0.198
[10,   131] loss: 0.101
[10,   141] loss: 0.076
[10,   151] loss: 0.168
[10,   161] loss: 0.092
[10,   171] loss: 0.102
[10,   181] loss: 0.179
[10,   191] loss: 0.102
[10,   201] loss: 0.119
[10,   211] loss: 0.153
[10,   221] loss: 0.175
[10,   231] loss: 0.176
[10,   241] loss: 0.184
[10,   251] loss: 0.077
[10,   261] loss: 0.077
[10,   271] loss: 0.101
[10,   281] loss: 0.125
[10,   291] loss: 0.101
[10,   301] loss: 0.133
[10,   311] loss: 0.078
[10,   321] loss: 0.077
[10,   331] loss: 0.051
[10,   341] loss: 0.127
[10,   351] loss: 0.077
[10,   361] loss: 0.152
[10,   371] loss: 0.250
[10,   381] loss: 0.127
[10,   391] loss: 0.076
[10,   401] loss: 0.151
[10,   411] loss: 0.072
[10,   421] loss: 0.101
[10,   431] loss: 0.120
[10,   441] loss: 0.102
[10,   451] loss: 0.162
[10,   461] loss: 0.144
[10,   471] loss: 0.125
[10,   481] loss: 0.200
[10,   491] loss: 0.076
[10,   501] loss: 0.093
[10,   511] loss: 0.068
[10,   521] loss: 0.177
[10,   531] loss: 0.188
[10,   541] loss: 0.102
[10,   551] loss: 0.077
[10,   561] loss: 0.051
[10,   571] loss: 0.151
[10,   581] loss: 0.101
[10,   591] loss: 0.077
[10,   601] loss: 0.076
[10,   611] loss: 0.126
[10,   621] loss: 0.145
[10,   631] loss: 0.051
[10,   641] loss: 0.177
[10,   651] loss: 0.128
[10,   661] loss: 0.027
[10,   671] loss: 0.077
[10,   681] loss: 0.151
[10,   691] loss: 0.144
[10,   701] loss: 0.151
[10,   711] loss: 0.152
[10,   721] loss: 0.126
[10,   731] loss: 0.227
[10,   741] loss: 0.126
[10,   751] loss: 0.048
[10,   761] loss: 0.127
[10,   771] loss: 0.163
[10,   781] loss: 0.095
[10,   791] loss: 0.152
[10,   801] loss: 0.128
[10,   811] loss: 0.130
[10,   821] loss: 0.122
[10,   831] loss: 0.095
[10,   841] loss: 0.176
[10,   851] loss: 0.183
[10,   861] loss: 0.141
[10,   871] loss: 0.128
[10,   881] loss: 0.123
[10,   891] loss: 0.127
[10,   901] loss: 0.126
[10,   911] loss: 0.076
[10,   921] loss: 0.052
[10,   931] loss: 0.101
[10,   941] loss: 0.001
[10,   951] loss: 0.176
[10,   961] loss: 0.051
[10,   971] loss: 0.056
[10,   981] loss: 0.223
[10,   991] loss: 0.079
[10,  1001] loss: 0.124
[10,  1011] loss: 0.077
[10,  1021] loss: 0.150
[10,  1031] loss: 0.152
[10,  1041] loss: 0.248
[10,  1051] loss: 0.057
[10,  1061] loss: 0.159
[10,  1071] loss: 0.157
[10,  1081] loss: 0.053
[10,  1091] loss: 0.087
[10,  1101] loss: 0.128
[10,  1111] loss: 0.104
[10,  1121] loss: 0.126
[10,  1131] loss: 0.101
[10,  1141] loss: 0.061
[10,  1151] loss: 0.027
[10,  1161] loss: 0.041
[10,  1171] loss: 0.136
[10,  1181] loss: 0.174
[10,  1191] loss: 0.027
[10,  1201] loss: 0.150
[10,  1211] loss: 0.055
[10,  1221] loss: 0.101
[10,  1231] loss: 0.093
[10,  1241] loss: 0.146
[10,  1251] loss: 0.051
[10,  1261] loss: 0.176
[10,  1271] loss: 0.076
[10,  1281] loss: 0.103
[10,  1291] loss: 0.049
[10,  1301] loss: 0.122
[10,  1311] loss: 0.078
[10,  1321] loss: 0.052
[10,  1331] loss: 0.126
[10,  1341] loss: 0.088
[10,  1351] loss: 0.130
[10,  1361] loss: 0.073
[10,  1371] loss: 0.102
[10,  1381] loss: 0.127
[10,  1391] loss: 0.153
[10,  1401] loss: 0.165
[10,  1411] loss: 0.035
[10,  1421] loss: 0.092
[10,  1431] loss: 0.202
[10,  1441] loss: 0.078
[10,  1451] loss: 0.110
[10,  1461] loss: 0.102
[10,  1471] loss: 0.026
[10,  1481] loss: 0.076
[10,  1491] loss: 0.101
[10,  1501] loss: 0.127
[10,  1511] loss: 0.076
[10,  1521] loss: 0.200
[10,  1531] loss: 0.227
[10,  1541] loss: 0.126
[10,  1551] loss: 0.026
[10,  1561] loss: 0.101
[10,  1571] loss: 0.026
[10,  1581] loss: 0.051
[10,  1591] loss: 0.101
[10,  1601] loss: 0.051
[10,  1611] loss: 0.136
[10,  1621] loss: 0.028
[10,  1631] loss: 0.157
[10,  1641] loss: 0.001
[10,  1651] loss: 0.077
[10,  1661] loss: 0.051
[10,  1671] loss: 0.229
[10,  1681] loss: 0.227
[10,  1691] loss: 0.126
[10,  1701] loss: 0.156
[10,  1711] loss: 0.127
[10,  1721] loss: 0.115
[10,  1731] loss: 0.027
[10,  1741] loss: 0.101
[10,  1751] loss: 0.051
[10,  1761] loss: 0.083
[10,  1771] loss: 0.155
[10,  1781] loss: 0.051
[10,  1791] loss: 0.101
[10,  1801] loss: 0.101
[10,  1811] loss: 0.126
[10,  1821] loss: 0.126
[10,  1831] loss: 0.053
[10,  1841] loss: 0.138
[10,  1851] loss: 0.177
finished training
2834
2813 0 339
Precision: 1.000 

Recall: 0.000
accuracy of the network: 89 %
