/var/lib/slurm-llnl/slurmd/job1857209/slurm_script: 2: /var/lib/slurm-llnl/slurmd/job1857209/slurm_script: module: not found
training length:  740
[1,     1] loss: 0.113
[1,    11] loss: 0.672
[1,    21] loss: 0.320
[1,    31] loss: 0.402
[1,    41] loss: 0.432
[1,    51] loss: 0.271
[1,    61] loss: 0.412
[1,    71] loss: 0.320
[1,    81] loss: 0.259
[1,    91] loss: 0.209
[1,   101] loss: 0.174
[1,   111] loss: 0.165
[1,   121] loss: 0.210
[1,   131] loss: 0.283
[1,   141] loss: 0.327
[1,   151] loss: 0.274
[1,   161] loss: 0.282
[1,   171] loss: 0.229
[1,   181] loss: 0.198
[2,     1] loss: 0.030
[2,    11] loss: 0.163
[2,    21] loss: 0.115
[2,    31] loss: 0.261
[2,    41] loss: 0.263
[2,    51] loss: 0.244
[2,    61] loss: 0.369
[2,    71] loss: 0.394
[2,    81] loss: 0.188
[2,    91] loss: 0.205
[2,   101] loss: 0.299
[2,   111] loss: 0.261
[2,   121] loss: 0.185
[2,   131] loss: 0.141
[2,   141] loss: 0.206
[2,   151] loss: 0.148
[2,   161] loss: 0.120
[2,   171] loss: 0.207
[2,   181] loss: 0.131
[3,     1] loss: 0.034
[3,    11] loss: 0.223
[3,    21] loss: 0.255
[3,    31] loss: 0.134
[3,    41] loss: 0.191
[3,    51] loss: 0.149
[3,    61] loss: 0.269
[3,    71] loss: 0.120
[3,    81] loss: 0.257
[3,    91] loss: 0.122
[3,   101] loss: 0.155
[3,   111] loss: 0.163
[3,   121] loss: 0.143
[3,   131] loss: 0.065
[3,   141] loss: 0.252
[3,   151] loss: 0.065
[3,   161] loss: 0.149
[3,   171] loss: 0.076
[3,   181] loss: 0.049
slurmstepd: error: *** JOB 1857209 ON linux1 CANCELLED AT 2022-07-11T16:49:46 ***
