/var/lib/slurm-llnl/slurmd/job1863452/slurm_script: 2: /var/lib/slurm-llnl/slurmd/job1863452/slurm_script: module: not found
training length:  740
[1,     1] loss: 0.096
[1,    11] loss: 0.590
[1,    21] loss: 0.453
[1,    31] loss: 0.616
[1,    41] loss: 0.429
[1,    51] loss: 0.328
[1,    61] loss: 0.203
[1,    71] loss: 0.272
[1,    81] loss: 0.241
[1,    91] loss: 0.259
[1,   101] loss: 0.270
[1,   111] loss: 0.253
[1,   121] loss: 0.314
[1,   131] loss: 0.290
[1,   141] loss: 0.161
[1,   151] loss: 0.209
[1,   161] loss: 0.194
[1,   171] loss: 0.186
[1,   181] loss: 0.163
[2,     1] loss: 0.027
[2,    11] loss: 0.111
[2,    21] loss: 0.179
[2,    31] loss: 0.174
[2,    41] loss: 0.112
[2,    51] loss: 0.139
[2,    61] loss: 0.150
[2,    71] loss: 0.097
[2,    81] loss: 0.264
[2,    91] loss: 0.174
[2,   101] loss: 0.322
[2,   111] loss: 0.248
[2,   121] loss: 0.081
[2,   131] loss: 0.142
[2,   141] loss: 0.227
[2,   151] loss: 0.231
[2,   161] loss: 0.156
[2,   171] loss: 0.088
[2,   181] loss: 0.222
[3,     1] loss: 0.004
[3,    11] loss: 0.175
[3,    21] loss: 0.054
[3,    31] loss: 0.157
[3,    41] loss: 0.162
[3,    51] loss: 0.093
[3,    61] loss: 0.162
[3,    71] loss: 0.085
[3,    81] loss: 0.181
[3,    91] loss: 0.246
[3,   101] loss: 0.108
[3,   111] loss: 0.188
[3,   121] loss: 0.159
[3,   131] loss: 0.149
[3,   141] loss: 0.122
[3,   151] loss: 0.096
[3,   161] loss: 0.103
[3,   171] loss: 0.137
[3,   181] loss: 0.175
[4,     1] loss: 0.033
[4,    11] loss: 0.107
[4,    21] loss: 0.154
[4,    31] loss: 0.142
[4,    41] loss: 0.136
[4,    51] loss: 0.199
[4,    61] loss: 0.099
[4,    71] loss: 0.110
[4,    81] loss: 0.129
[4,    91] loss: 0.104
[4,   101] loss: 0.122
[4,   111] loss: 0.055
[4,   121] loss: 0.136
[4,   131] loss: 0.090
[4,   141] loss: 0.057
[4,   151] loss: 0.207
[4,   161] loss: 0.101
[4,   171] loss: 0.122
[4,   181] loss: 0.108
[5,     1] loss: 0.006
[5,    11] loss: 0.189
[5,    21] loss: 0.095
[5,    31] loss: 0.113
[5,    41] loss: 0.148
[5,    51] loss: 0.095
[5,    61] loss: 0.030
[5,    71] loss: 0.128
[5,    81] loss: 0.054
[5,    91] loss: 0.128
[5,   101] loss: 0.116
[5,   111] loss: 0.161
[5,   121] loss: 0.129
[5,   131] loss: 0.091
[5,   141] loss: 0.190
[5,   151] loss: 0.051
[5,   161] loss: 0.095
[5,   171] loss: 0.173
[5,   181] loss: 0.144
[6,     1] loss: 0.003
[6,    11] loss: 0.124
[6,    21] loss: 0.100
[6,    31] loss: 0.117
[6,    41] loss: 0.065
[6,    51] loss: 0.093
[6,    61] loss: 0.117
[6,    71] loss: 0.097
[6,    81] loss: 0.089
[6,    91] loss: 0.035
[6,   101] loss: 0.182
[6,   111] loss: 0.110
[6,   121] loss: 0.068
[6,   131] loss: 0.117
[6,   141] loss: 0.091
[6,   151] loss: 0.164
[6,   161] loss: 0.111
[6,   171] loss: 0.129
[6,   181] loss: 0.089
[7,     1] loss: 0.004
[7,    11] loss: 0.136
[7,    21] loss: 0.080
[7,    31] loss: 0.113
[7,    41] loss: 0.096
[7,    51] loss: 0.146
[7,    61] loss: 0.092
[7,    71] loss: 0.081
[7,    81] loss: 0.085
[7,    91] loss: 0.133
[7,   101] loss: 0.061
[7,   111] loss: 0.134
[7,   121] loss: 0.115
[7,   131] loss: 0.067
[7,   141] loss: 0.150
[7,   151] loss: 0.129
[7,   161] loss: 0.120
[7,   171] loss: 0.069
[7,   181] loss: 0.110
[8,     1] loss: 0.074
[8,    11] loss: 0.065
[8,    21] loss: 0.159
[8,    31] loss: 0.032
[8,    41] loss: 0.081
[8,    51] loss: 0.129
[8,    61] loss: 0.056
[8,    71] loss: 0.104
[8,    81] loss: 0.059
[8,    91] loss: 0.060
[8,   101] loss: 0.087
[8,   111] loss: 0.154
[8,   121] loss: 0.105
[8,   131] loss: 0.154
[8,   141] loss: 0.031
[8,   151] loss: 0.054
[8,   161] loss: 0.028
[8,   171] loss: 0.152
[8,   181] loss: 0.128
[9,     1] loss: 0.001
[9,    11] loss: 0.127
[9,    21] loss: 0.126
[9,    31] loss: 0.077
[9,    41] loss: 0.101
[9,    51] loss: 0.028
[9,    61] loss: 0.103
[9,    71] loss: 0.126
[9,    81] loss: 0.052
[9,    91] loss: 0.104
[9,   101] loss: 0.081
[9,   111] loss: 0.052
[9,   121] loss: 0.176
[9,   131] loss: 0.076
[9,   141] loss: 0.129
[9,   151] loss: 0.103
[9,   161] loss: 0.002
[9,   171] loss: 0.076
[9,   181] loss: 0.077
[10,     1] loss: 0.000
[10,    11] loss: 0.078
[10,    21] loss: 0.150
[10,    31] loss: 0.102
[10,    41] loss: 0.077
[10,    51] loss: 0.076
[10,    61] loss: 0.151
[10,    71] loss: 0.101
[10,    81] loss: 0.001
[10,    91] loss: 0.102
[10,   101] loss: 0.101
[10,   111] loss: 0.077
[10,   121] loss: 0.102
[10,   131] loss: 0.051
[10,   141] loss: 0.151
[10,   151] loss: 0.051
[10,   161] loss: 0.052
[10,   171] loss: 0.102
[10,   181] loss: 0.051
finished training
tensor(0.8875) tensor(1.)
accuracy of the network: 88 %
