/var/lib/slurm-llnl/slurmd/job1944774/slurm_script: 2: /var/lib/slurm-llnl/slurmd/job1944774/slurm_script: module: not found
training length:  7402
[1,     1] loss: 0.068
[1,    11] loss: 0.339
[1,    21] loss: 0.508
[1,    31] loss: 0.468
[1,    41] loss: 0.379
[1,    51] loss: 0.374
[1,    61] loss: 0.213
[1,    71] loss: 0.573
[1,    81] loss: 0.349
[1,    91] loss: 0.278
[1,   101] loss: 0.431
[1,   111] loss: 0.330
[1,   121] loss: 0.467
[1,   131] loss: 0.377
[1,   141] loss: 0.464
[1,   151] loss: 0.615
[1,   161] loss: 0.384
[1,   171] loss: 0.742
[1,   181] loss: 0.549
[1,   191] loss: 0.505
[1,   201] loss: 0.477
[1,   211] loss: 0.380
[1,   221] loss: 0.324
[1,   231] loss: 0.364
[1,   241] loss: 0.328
[1,   251] loss: 0.388
[1,   261] loss: 0.394
[1,   271] loss: 0.463
[1,   281] loss: 0.375
[1,   291] loss: 0.328
[1,   301] loss: 0.299
[1,   311] loss: 0.363
[1,   321] loss: 0.338
[1,   331] loss: 0.385
[1,   341] loss: 0.405
[1,   351] loss: 0.327
[1,   361] loss: 0.381
[1,   371] loss: 0.198
[1,   381] loss: 0.365
[1,   391] loss: 0.440
[1,   401] loss: 0.269
[1,   411] loss: 0.466
[1,   421] loss: 0.248
[1,   431] loss: 0.240
[1,   441] loss: 0.247
[1,   451] loss: 0.379
[1,   461] loss: 0.338
[1,   471] loss: 0.442
[1,   481] loss: 0.365
[1,   491] loss: 0.087
[1,   501] loss: 0.534
[1,   511] loss: 0.310
[1,   521] loss: 0.339
[1,   531] loss: 0.372
[1,   541] loss: 0.236
[1,   551] loss: 0.456
[1,   561] loss: 0.386
[1,   571] loss: 0.358
[1,   581] loss: 0.461
[1,   591] loss: 0.446
[1,   601] loss: 0.607
[1,   611] loss: 0.380
[1,   621] loss: 0.257
[1,   631] loss: 0.527
[1,   641] loss: 0.391
[1,   651] loss: 0.402
[1,   661] loss: 0.268
[1,   671] loss: 0.480
[1,   681] loss: 0.337
[1,   691] loss: 0.351
[1,   701] loss: 0.242
[1,   711] loss: 0.245
[1,   721] loss: 0.373
[1,   731] loss: 0.260
[1,   741] loss: 0.100
[1,   751] loss: 0.346
[1,   761] loss: 0.241
[1,   771] loss: 0.277
[1,   781] loss: 0.384
[1,   791] loss: 0.209
[1,   801] loss: 0.331
[1,   811] loss: 0.259
[1,   821] loss: 0.136
[1,   831] loss: 0.246
[1,   841] loss: 0.257
[1,   851] loss: 0.301
[1,   861] loss: 0.328
[1,   871] loss: 0.207
[1,   881] loss: 0.413
[1,   891] loss: 0.277
[1,   901] loss: 0.328
[1,   911] loss: 0.229
[1,   921] loss: 0.341
[1,   931] loss: 0.437
[1,   941] loss: 0.444
[1,   951] loss: 0.272
[1,   961] loss: 0.237
[1,   971] loss: 0.331
[1,   981] loss: 0.359
[1,   991] loss: 0.461
[1,  1001] loss: 0.129
[1,  1011] loss: 0.521
[1,  1021] loss: 0.486
[1,  1031] loss: 0.478
[1,  1041] loss: 0.329
[1,  1051] loss: 0.315
[1,  1061] loss: 0.259
[1,  1071] loss: 0.206
[1,  1081] loss: 0.315
[1,  1091] loss: 0.358
[1,  1101] loss: 0.471
[1,  1111] loss: 0.371
[1,  1121] loss: 0.261
[1,  1131] loss: 0.278
[1,  1141] loss: 0.286
[1,  1151] loss: 0.365
[1,  1161] loss: 0.187
[1,  1171] loss: 0.186
[1,  1181] loss: 0.445
[1,  1191] loss: 0.294
[1,  1201] loss: 0.200
[1,  1211] loss: 0.191
[1,  1221] loss: 0.364
[1,  1231] loss: 0.383
[1,  1241] loss: 0.388
[1,  1251] loss: 0.326
[1,  1261] loss: 0.215
[1,  1271] loss: 0.450
[1,  1281] loss: 0.403
[1,  1291] loss: 0.254
[1,  1301] loss: 0.223
[1,  1311] loss: 0.185
[1,  1321] loss: 0.218
[1,  1331] loss: 0.202
[1,  1341] loss: 0.447
[1,  1351] loss: 0.360
[1,  1361] loss: 0.233
[1,  1371] loss: 0.301
[1,  1381] loss: 0.507
[1,  1391] loss: 0.330
[1,  1401] loss: 0.273
[1,  1411] loss: 0.204
[1,  1421] loss: 0.242
[1,  1431] loss: 0.279
[1,  1441] loss: 0.333
[1,  1451] loss: 0.268
[1,  1461] loss: 0.452
[1,  1471] loss: 0.235
[1,  1481] loss: 0.224
[1,  1491] loss: 0.263
[1,  1501] loss: 0.314
[1,  1511] loss: 0.333
[1,  1521] loss: 0.528
[1,  1531] loss: 0.260
[1,  1541] loss: 0.232
[1,  1551] loss: 0.393
[1,  1561] loss: 0.386
[1,  1571] loss: 0.318
[1,  1581] loss: 0.317
[1,  1591] loss: 0.348
[1,  1601] loss: 0.297
[1,  1611] loss: 0.390
[1,  1621] loss: 0.250
[1,  1631] loss: 0.482
[1,  1641] loss: 0.284
[1,  1651] loss: 0.273
[1,  1661] loss: 0.302
[1,  1671] loss: 0.360
[1,  1681] loss: 0.222
[1,  1691] loss: 0.306
[1,  1701] loss: 0.273
[1,  1711] loss: 0.492
[1,  1721] loss: 0.166
[1,  1731] loss: 0.335
[1,  1741] loss: 0.117
[1,  1751] loss: 0.257
[1,  1761] loss: 0.401
[1,  1771] loss: 0.376
[1,  1781] loss: 0.451
[1,  1791] loss: 0.353
[1,  1801] loss: 0.229
[1,  1811] loss: 0.379
[1,  1821] loss: 0.199
[1,  1831] loss: 0.333
[1,  1841] loss: 0.181
[1,  1851] loss: 0.311
[2,     1] loss: 0.048
[2,    11] loss: 0.257
[2,    21] loss: 0.332
[2,    31] loss: 0.353
[2,    41] loss: 0.347
[2,    51] loss: 0.241
[2,    61] loss: 0.454
[2,    71] loss: 0.266
[2,    81] loss: 0.296
[2,    91] loss: 0.242
[2,   101] loss: 0.470
[2,   111] loss: 0.362
[2,   121] loss: 0.305
[2,   131] loss: 0.262
[2,   141] loss: 0.134
[2,   151] loss: 0.340
[2,   161] loss: 0.378
[2,   171] loss: 0.375
[2,   181] loss: 0.180
[2,   191] loss: 0.286
[2,   201] loss: 0.185
[2,   211] loss: 0.376
[2,   221] loss: 0.327
[2,   231] loss: 0.172
[2,   241] loss: 0.276
[2,   251] loss: 0.315
[2,   261] loss: 0.404
[2,   271] loss: 0.331
[2,   281] loss: 0.163
[2,   291] loss: 0.323
[2,   301] loss: 0.351
[2,   311] loss: 0.498
[2,   321] loss: 0.395
[2,   331] loss: 0.245
[2,   341] loss: 0.401
[2,   351] loss: 0.305
[2,   361] loss: 0.118
[2,   371] loss: 0.450
[2,   381] loss: 0.287
[2,   391] loss: 0.398
[2,   401] loss: 0.326
[2,   411] loss: 0.402
[2,   421] loss: 0.221
[2,   431] loss: 0.255
[2,   441] loss: 0.285
[2,   451] loss: 0.408
[2,   461] loss: 0.293
[2,   471] loss: 0.297
[2,   481] loss: 0.239
[2,   491] loss: 0.365
[2,   501] loss: 0.372
[2,   511] loss: 0.275
[2,   521] loss: 0.277
[2,   531] loss: 0.286
[2,   541] loss: 0.207
[2,   551] loss: 0.195
[2,   561] loss: 0.283
[2,   571] loss: 0.255
[2,   581] loss: 0.291
[2,   591] loss: 0.179
[2,   601] loss: 0.182
[2,   611] loss: 0.191
[2,   621] loss: 0.344
[2,   631] loss: 0.322
[2,   641] loss: 0.296
[2,   651] loss: 0.231
[2,   661] loss: 0.329
[2,   671] loss: 0.286
[2,   681] loss: 0.280
[2,   691] loss: 0.240
[2,   701] loss: 0.459
[2,   711] loss: 0.525
[2,   721] loss: 0.369
[2,   731] loss: 0.404
[2,   741] loss: 0.465
[2,   751] loss: 0.231
[2,   761] loss: 0.421
[2,   771] loss: 0.303
[2,   781] loss: 0.248
[2,   791] loss: 0.349
[2,   801] loss: 0.333
[2,   811] loss: 0.281
[2,   821] loss: 0.405
[2,   831] loss: 0.365
[2,   841] loss: 0.243
[2,   851] loss: 0.254
[2,   861] loss: 0.222
[2,   871] loss: 0.305
[2,   881] loss: 0.181
[2,   891] loss: 0.117
[2,   901] loss: 0.347
[2,   911] loss: 0.279
[2,   921] loss: 0.298
[2,   931] loss: 0.234
[2,   941] loss: 0.293
[2,   951] loss: 0.310
[2,   961] loss: 0.152
[2,   971] loss: 0.377
[2,   981] loss: 0.435
[2,   991] loss: 0.373
[2,  1001] loss: 0.403
[2,  1011] loss: 0.261
[2,  1021] loss: 0.332
[2,  1031] loss: 0.410
[2,  1041] loss: 0.186
[2,  1051] loss: 0.266
[2,  1061] loss: 0.232
[2,  1071] loss: 0.224
[2,  1081] loss: 0.157
[2,  1091] loss: 0.314
[2,  1101] loss: 0.274
[2,  1111] loss: 0.235
[2,  1121] loss: 0.155
[2,  1131] loss: 0.589
[2,  1141] loss: 0.320
[2,  1151] loss: 0.240
[2,  1161] loss: 0.127
[2,  1171] loss: 0.155
[2,  1181] loss: 0.241
[2,  1191] loss: 0.231
[2,  1201] loss: 0.343
[2,  1211] loss: 0.293
[2,  1221] loss: 0.185
[2,  1231] loss: 0.176
[2,  1241] loss: 0.319
[2,  1251] loss: 0.255
[2,  1261] loss: 0.080
[2,  1271] loss: 0.273
[2,  1281] loss: 0.283
[2,  1291] loss: 0.246
[2,  1301] loss: 0.313
[2,  1311] loss: 0.208
[2,  1321] loss: 0.285
[2,  1331] loss: 0.444
[2,  1341] loss: 0.281
[2,  1351] loss: 0.251
[2,  1361] loss: 0.172
[2,  1371] loss: 0.216
[2,  1381] loss: 0.171
[2,  1391] loss: 0.436
[2,  1401] loss: 0.200
[2,  1411] loss: 0.273
[2,  1421] loss: 0.231
[2,  1431] loss: 0.272
[2,  1441] loss: 0.194
[2,  1451] loss: 0.099
[2,  1461] loss: 0.164
[2,  1471] loss: 0.483
[2,  1481] loss: 0.522
[2,  1491] loss: 0.290
[2,  1501] loss: 0.130
[2,  1511] loss: 0.296
[2,  1521] loss: 0.337
[2,  1531] loss: 0.337
[2,  1541] loss: 0.325
[2,  1551] loss: 0.216
[2,  1561] loss: 0.178
[2,  1571] loss: 0.352
[2,  1581] loss: 0.240
[2,  1591] loss: 0.132
[2,  1601] loss: 0.081
[2,  1611] loss: 0.211
[2,  1621] loss: 0.241
[2,  1631] loss: 0.293
[2,  1641] loss: 0.206
[2,  1651] loss: 0.128
[2,  1661] loss: 0.084
[2,  1671] loss: 0.542
[2,  1681] loss: 0.351
[2,  1691] loss: 0.295
[2,  1701] loss: 0.142
[2,  1711] loss: 0.414
[2,  1721] loss: 0.245
[2,  1731] loss: 0.358
[2,  1741] loss: 0.298
[2,  1751] loss: 0.333
[2,  1761] loss: 0.301
[2,  1771] loss: 0.163
[2,  1781] loss: 0.574
[2,  1791] loss: 0.502
[2,  1801] loss: 0.408
[2,  1811] loss: 0.166
[2,  1821] loss: 0.244
[2,  1831] loss: 0.503
[2,  1841] loss: 0.354
[2,  1851] loss: 0.290
[3,     1] loss: 0.049
[3,    11] loss: 0.357
[3,    21] loss: 0.136
[3,    31] loss: 0.289
[3,    41] loss: 0.408
[3,    51] loss: 0.164
[3,    61] loss: 0.335
[3,    71] loss: 0.193
[3,    81] loss: 0.176
[3,    91] loss: 0.259
[3,   101] loss: 0.256
[3,   111] loss: 0.248
[3,   121] loss: 0.039
[3,   131] loss: 0.451
[3,   141] loss: 0.362
[3,   151] loss: 0.299
[3,   161] loss: 0.174
[3,   171] loss: 0.340
[3,   181] loss: 0.307
[3,   191] loss: 0.200
[3,   201] loss: 0.269
[3,   211] loss: 0.208
[3,   221] loss: 0.089
[3,   231] loss: 0.427
[3,   241] loss: 0.202
[3,   251] loss: 0.259
[3,   261] loss: 0.318
[3,   271] loss: 0.118
[3,   281] loss: 0.140
[3,   291] loss: 0.162
[3,   301] loss: 0.107
[3,   311] loss: 0.215
[3,   321] loss: 0.154
[3,   331] loss: 0.441
[3,   341] loss: 0.298
[3,   351] loss: 0.185
[3,   361] loss: 0.144
[3,   371] loss: 0.301
[3,   381] loss: 0.149
[3,   391] loss: 0.281
[3,   401] loss: 0.105
[3,   411] loss: 0.148
[3,   421] loss: 0.149
[3,   431] loss: 0.194
[3,   441] loss: 0.289
[3,   451] loss: 0.126
[3,   461] loss: 0.382
[3,   471] loss: 0.252
[3,   481] loss: 0.328
[3,   491] loss: 0.200
[3,   501] loss: 0.182
[3,   511] loss: 0.375
[3,   521] loss: 0.478
[3,   531] loss: 0.328
[3,   541] loss: 0.288
[3,   551] loss: 0.335
[3,   561] loss: 0.131
[3,   571] loss: 0.207
[3,   581] loss: 0.245
[3,   591] loss: 0.346
[3,   601] loss: 0.357
[3,   611] loss: 0.234
[3,   621] loss: 0.319
[3,   631] loss: 0.380
[3,   641] loss: 0.215
[3,   651] loss: 0.310
[3,   661] loss: 0.331
[3,   671] loss: 0.226
[3,   681] loss: 0.322
[3,   691] loss: 0.224
[3,   701] loss: 0.194
[3,   711] loss: 0.060
[3,   721] loss: 0.329
[3,   731] loss: 0.300
[3,   741] loss: 0.363
[3,   751] loss: 0.285
[3,   761] loss: 0.455
[3,   771] loss: 0.277
[3,   781] loss: 0.310
[3,   791] loss: 0.120
[3,   801] loss: 0.295
[3,   811] loss: 0.097
[3,   821] loss: 0.315
[3,   831] loss: 0.170
[3,   841] loss: 0.232
[3,   851] loss: 0.285
[3,   861] loss: 0.365
[3,   871] loss: 0.254
[3,   881] loss: 0.243
[3,   891] loss: 0.155
[3,   901] loss: 0.370
[3,   911] loss: 0.499
[3,   921] loss: 0.268
[3,   931] loss: 0.343
[3,   941] loss: 0.180
[3,   951] loss: 0.061
[3,   961] loss: 0.259
[3,   971] loss: 0.339
[3,   981] loss: 0.351
[3,   991] loss: 0.308
[3,  1001] loss: 0.144
[3,  1011] loss: 0.355
[3,  1021] loss: 0.335
[3,  1031] loss: 0.291
[3,  1041] loss: 0.182
[3,  1051] loss: 0.222
[3,  1061] loss: 0.298
[3,  1071] loss: 0.252
[3,  1081] loss: 0.159
[3,  1091] loss: 0.105
[3,  1101] loss: 0.283
[3,  1111] loss: 0.132
[3,  1121] loss: 0.079
[3,  1131] loss: 0.081
[3,  1141] loss: 0.117
[3,  1151] loss: 0.535
[3,  1161] loss: 0.258
[3,  1171] loss: 0.342
[3,  1181] loss: 0.112
[3,  1191] loss: 0.392
[3,  1201] loss: 0.250
[3,  1211] loss: 0.137
[3,  1221] loss: 0.425
[3,  1231] loss: 0.228
[3,  1241] loss: 0.163
[3,  1251] loss: 0.411
[3,  1261] loss: 0.422
[3,  1271] loss: 0.363
[3,  1281] loss: 0.258
[3,  1291] loss: 0.212
[3,  1301] loss: 0.494
[3,  1311] loss: 0.190
[3,  1321] loss: 0.453
[3,  1331] loss: 0.331
[3,  1341] loss: 0.370
[3,  1351] loss: 0.292
[3,  1361] loss: 0.196
[3,  1371] loss: 0.226
[3,  1381] loss: 0.306
[3,  1391] loss: 0.307
[3,  1401] loss: 0.373
[3,  1411] loss: 0.177
[3,  1421] loss: 0.208
[3,  1431] loss: 0.270
[3,  1441] loss: 0.069
[3,  1451] loss: 0.319
[3,  1461] loss: 0.222
[3,  1471] loss: 0.361
[3,  1481] loss: 0.524
[3,  1491] loss: 0.312
[3,  1501] loss: 0.547
[3,  1511] loss: 0.339
[3,  1521] loss: 0.202
[3,  1531] loss: 0.186
[3,  1541] loss: 0.162
[3,  1551] loss: 0.278
[3,  1561] loss: 0.349
[3,  1571] loss: 0.322
[3,  1581] loss: 0.292
[3,  1591] loss: 0.289
[3,  1601] loss: 0.471
[3,  1611] loss: 0.218
[3,  1621] loss: 0.275
[3,  1631] loss: 0.279
[3,  1641] loss: 0.262
[3,  1651] loss: 0.252
[3,  1661] loss: 0.303
[3,  1671] loss: 0.155
[3,  1681] loss: 0.386
[3,  1691] loss: 0.261
[3,  1701] loss: 0.274
[3,  1711] loss: 0.210
[3,  1721] loss: 0.171
[3,  1731] loss: 0.160
[3,  1741] loss: 0.162
[3,  1751] loss: 0.125
[3,  1761] loss: 0.217
[3,  1771] loss: 0.539
[3,  1781] loss: 0.089
[3,  1791] loss: 0.068
[3,  1801] loss: 0.317
[3,  1811] loss: 0.257
[3,  1821] loss: 0.178
[3,  1831] loss: 0.205
[3,  1841] loss: 0.358
[3,  1851] loss: 0.268
[4,     1] loss: 0.006
[4,    11] loss: 0.257
[4,    21] loss: 0.279
[4,    31] loss: 0.243
[4,    41] loss: 0.329
[4,    51] loss: 0.210
[4,    61] loss: 0.179
[4,    71] loss: 0.347
[4,    81] loss: 0.063
[4,    91] loss: 0.106
[4,   101] loss: 0.135
[4,   111] loss: 0.249
[4,   121] loss: 0.345
[4,   131] loss: 0.213
[4,   141] loss: 0.332
[4,   151] loss: 0.202
[4,   161] loss: 0.089
[4,   171] loss: 0.321
[4,   181] loss: 0.425
[4,   191] loss: 0.202
[4,   201] loss: 0.172
[4,   211] loss: 0.111
[4,   221] loss: 0.435
[4,   231] loss: 0.140
[4,   241] loss: 0.142
[4,   251] loss: 0.333
[4,   261] loss: 0.262
[4,   271] loss: 0.302
[4,   281] loss: 0.247
[4,   291] loss: 0.403
[4,   301] loss: 0.237
[4,   311] loss: 0.218
[4,   321] loss: 0.170
[4,   331] loss: 0.285
[4,   341] loss: 0.543
[4,   351] loss: 0.350
[4,   361] loss: 0.225
[4,   371] loss: 0.306
[4,   381] loss: 0.183
[4,   391] loss: 0.283
[4,   401] loss: 0.184
[4,   411] loss: 0.199
[4,   421] loss: 0.337
[4,   431] loss: 0.239
[4,   441] loss: 0.215
[4,   451] loss: 0.342
[4,   461] loss: 0.252
[4,   471] loss: 0.433
[4,   481] loss: 0.231
[4,   491] loss: 0.177
[4,   501] loss: 0.266
[4,   511] loss: 0.306
[4,   521] loss: 0.250
[4,   531] loss: 0.105
[4,   541] loss: 0.207
[4,   551] loss: 0.227
[4,   561] loss: 0.439
[4,   571] loss: 0.217
[4,   581] loss: 0.197
[4,   591] loss: 0.306
[4,   601] loss: 0.285
[4,   611] loss: 0.127
[4,   621] loss: 0.175
[4,   631] loss: 0.381
[4,   641] loss: 0.182
[4,   651] loss: 0.204
[4,   661] loss: 0.463
[4,   671] loss: 0.264
[4,   681] loss: 0.282
[4,   691] loss: 0.367
[4,   701] loss: 0.221
[4,   711] loss: 0.183
[4,   721] loss: 0.325
[4,   731] loss: 0.338
[4,   741] loss: 0.149
[4,   751] loss: 0.156
[4,   761] loss: 0.379
[4,   771] loss: 0.280
[4,   781] loss: 0.241
[4,   791] loss: 0.228
[4,   801] loss: 0.090
[4,   811] loss: 0.349
[4,   821] loss: 0.200
[4,   831] loss: 0.226
[4,   841] loss: 0.138
[4,   851] loss: 0.299
[4,   861] loss: 0.144
[4,   871] loss: 0.199
[4,   881] loss: 0.231
[4,   891] loss: 0.300
[4,   901] loss: 0.422
[4,   911] loss: 0.310
[4,   921] loss: 0.307
[4,   931] loss: 0.235
[4,   941] loss: 0.121
[4,   951] loss: 0.377
[4,   961] loss: 0.227
[4,   971] loss: 0.377
[4,   981] loss: 0.244
[4,   991] loss: 0.135
[4,  1001] loss: 0.439
[4,  1011] loss: 0.423
[4,  1021] loss: 0.352
[4,  1031] loss: 0.253
[4,  1041] loss: 0.326
[4,  1051] loss: 0.213
[4,  1061] loss: 0.163
[4,  1071] loss: 0.144
[4,  1081] loss: 0.349
[4,  1091] loss: 0.183
[4,  1101] loss: 0.153
[4,  1111] loss: 0.208
[4,  1121] loss: 0.137
[4,  1131] loss: 0.265
[4,  1141] loss: 0.304
[4,  1151] loss: 0.118
[4,  1161] loss: 0.121
[4,  1171] loss: 0.089
[4,  1181] loss: 0.296
[4,  1191] loss: 0.235
[4,  1201] loss: 0.137
[4,  1211] loss: 0.195
[4,  1221] loss: 0.357
[4,  1231] loss: 0.144
[4,  1241] loss: 0.178
[4,  1251] loss: 0.452
[4,  1261] loss: 0.140
[4,  1271] loss: 0.312
[4,  1281] loss: 0.169
[4,  1291] loss: 0.375
[4,  1301] loss: 0.098
[4,  1311] loss: 0.250
[4,  1321] loss: 0.194
[4,  1331] loss: 0.234
[4,  1341] loss: 0.413
[4,  1351] loss: 0.204
[4,  1361] loss: 0.179
[4,  1371] loss: 0.397
[4,  1381] loss: 0.179
[4,  1391] loss: 0.235
[4,  1401] loss: 0.212
[4,  1411] loss: 0.192
[4,  1421] loss: 0.538
[4,  1431] loss: 0.144
[4,  1441] loss: 0.232
[4,  1451] loss: 0.226
[4,  1461] loss: 0.121
[4,  1471] loss: 0.322
[4,  1481] loss: 0.251
[4,  1491] loss: 0.183
[4,  1501] loss: 0.170
[4,  1511] loss: 0.281
[4,  1521] loss: 0.311
[4,  1531] loss: 0.312
[4,  1541] loss: 0.131
[4,  1551] loss: 0.450
[4,  1561] loss: 0.404
[4,  1571] loss: 0.247
[4,  1581] loss: 0.211
[4,  1591] loss: 0.177
[4,  1601] loss: 0.300
[4,  1611] loss: 0.139
[4,  1621] loss: 0.383
[4,  1631] loss: 0.285
[4,  1641] loss: 0.212
[4,  1651] loss: 0.459
[4,  1661] loss: 0.386
[4,  1671] loss: 0.333
[4,  1681] loss: 0.198
[4,  1691] loss: 0.257
[4,  1701] loss: 0.336
[4,  1711] loss: 0.459
[4,  1721] loss: 0.204
[4,  1731] loss: 0.175
[4,  1741] loss: 0.221
[4,  1751] loss: 0.186
[4,  1761] loss: 0.074
[4,  1771] loss: 0.224
[4,  1781] loss: 0.639
[4,  1791] loss: 0.241
[4,  1801] loss: 0.372
[4,  1811] loss: 0.139
[4,  1821] loss: 0.308
[4,  1831] loss: 0.231
[4,  1841] loss: 0.305
[4,  1851] loss: 0.275
[5,     1] loss: 0.032
[5,    11] loss: 0.308
[5,    21] loss: 0.334
[5,    31] loss: 0.187
[5,    41] loss: 0.168
[5,    51] loss: 0.175
[5,    61] loss: 0.268
[5,    71] loss: 0.102
[5,    81] loss: 0.409
[5,    91] loss: 0.395
[5,   101] loss: 0.245
[5,   111] loss: 0.307
[5,   121] loss: 0.322
[5,   131] loss: 0.260
[5,   141] loss: 0.185
[5,   151] loss: 0.253
[5,   161] loss: 0.304
[5,   171] loss: 0.140
[5,   181] loss: 0.117
[5,   191] loss: 0.265
[5,   201] loss: 0.308
[5,   211] loss: 0.160
[5,   221] loss: 0.265
[5,   231] loss: 0.313
[5,   241] loss: 0.324
[5,   251] loss: 0.253
[5,   261] loss: 0.225
[5,   271] loss: 0.283
[5,   281] loss: 0.253
[5,   291] loss: 0.169
[5,   301] loss: 0.285
[5,   311] loss: 0.231
[5,   321] loss: 0.306
[5,   331] loss: 0.250
[5,   341] loss: 0.183
[5,   351] loss: 0.288
[5,   361] loss: 0.242
[5,   371] loss: 0.296
[5,   381] loss: 0.230
[5,   391] loss: 0.328
[5,   401] loss: 0.290
[5,   411] loss: 0.230
[5,   421] loss: 0.204
[5,   431] loss: 0.116
[5,   441] loss: 0.285
[5,   451] loss: 0.090
[5,   461] loss: 0.161
[5,   471] loss: 0.353
[5,   481] loss: 0.218
[5,   491] loss: 0.132
[5,   501] loss: 0.318
[5,   511] loss: 0.186
[5,   521] loss: 0.233
[5,   531] loss: 0.255
[5,   541] loss: 0.381
[5,   551] loss: 0.218
[5,   561] loss: 0.260
[5,   571] loss: 0.426
[5,   581] loss: 0.142
[5,   591] loss: 0.275
[5,   601] loss: 0.213
[5,   611] loss: 0.365
[5,   621] loss: 0.173
[5,   631] loss: 0.289
[5,   641] loss: 0.142
[5,   651] loss: 0.057
[5,   661] loss: 0.216
[5,   671] loss: 0.259
[5,   681] loss: 0.235
[5,   691] loss: 0.278
[5,   701] loss: 0.191
[5,   711] loss: 0.160
[5,   721] loss: 0.099
[5,   731] loss: 0.523
[5,   741] loss: 0.247
[5,   751] loss: 0.264
[5,   761] loss: 0.119
[5,   771] loss: 0.201
[5,   781] loss: 0.157
[5,   791] loss: 0.127
[5,   801] loss: 0.205
[5,   811] loss: 0.346
[5,   821] loss: 0.526
[5,   831] loss: 0.329
[5,   841] loss: 0.166
[5,   851] loss: 0.172
[5,   861] loss: 0.108
[5,   871] loss: 0.124
[5,   881] loss: 0.400
[5,   891] loss: 0.266
[5,   901] loss: 0.288
[5,   911] loss: 0.187
[5,   921] loss: 0.245
[5,   931] loss: 0.105
[5,   941] loss: 0.231
[5,   951] loss: 0.342
[5,   961] loss: 0.335
[5,   971] loss: 0.252
[5,   981] loss: 0.341
[5,   991] loss: 0.110
[5,  1001] loss: 0.215
[5,  1011] loss: 0.199
[5,  1021] loss: 0.170
[5,  1031] loss: 0.300
[5,  1041] loss: 0.246
[5,  1051] loss: 0.327
[5,  1061] loss: 0.088
[5,  1071] loss: 0.270
[5,  1081] loss: 0.126
[5,  1091] loss: 0.119
[5,  1101] loss: 0.283
[5,  1111] loss: 0.153
[5,  1121] loss: 0.189
[5,  1131] loss: 0.232
[5,  1141] loss: 0.248
[5,  1151] loss: 0.183
[5,  1161] loss: 0.282
[5,  1171] loss: 0.287
[5,  1181] loss: 0.108
[5,  1191] loss: 0.154
[5,  1201] loss: 0.256
[5,  1211] loss: 0.235
[5,  1221] loss: 0.196
[5,  1231] loss: 0.217
[5,  1241] loss: 0.174
[5,  1251] loss: 0.426
[5,  1261] loss: 0.121
[5,  1271] loss: 0.139
[5,  1281] loss: 0.227
[5,  1291] loss: 0.103
[5,  1301] loss: 0.170
[5,  1311] loss: 0.204
[5,  1321] loss: 0.252
[5,  1331] loss: 0.134
[5,  1341] loss: 0.381
[5,  1351] loss: 0.278
[5,  1361] loss: 0.174
[5,  1371] loss: 0.170
[5,  1381] loss: 0.130
[5,  1391] loss: 0.223
[5,  1401] loss: 0.268
[5,  1411] loss: 0.167
[5,  1421] loss: 0.290
[5,  1431] loss: 0.177
[5,  1441] loss: 0.177
[5,  1451] loss: 0.052
[5,  1461] loss: 0.219
[5,  1471] loss: 0.367
[5,  1481] loss: 0.302
[5,  1491] loss: 0.176
[5,  1501] loss: 0.357
[5,  1511] loss: 0.359
[5,  1521] loss: 0.183
[5,  1531] loss: 0.239
[5,  1541] loss: 0.213
[5,  1551] loss: 0.474
[5,  1561] loss: 0.307
[5,  1571] loss: 0.255
[5,  1581] loss: 0.174
[5,  1591] loss: 0.452
[5,  1601] loss: 0.179
[5,  1611] loss: 0.225
[5,  1621] loss: 0.052
[5,  1631] loss: 0.520
[5,  1641] loss: 0.299
[5,  1651] loss: 0.264
[5,  1661] loss: 0.136
[5,  1671] loss: 0.414
[5,  1681] loss: 0.103
[5,  1691] loss: 0.140
[5,  1701] loss: 0.165
[5,  1711] loss: 0.316
[5,  1721] loss: 0.254
[5,  1731] loss: 0.224
[5,  1741] loss: 0.173
[5,  1751] loss: 0.116
[5,  1761] loss: 0.415
[5,  1771] loss: 0.429
[5,  1781] loss: 0.262
[5,  1791] loss: 0.114
[5,  1801] loss: 0.319
[5,  1811] loss: 0.147
[5,  1821] loss: 0.202
[5,  1831] loss: 0.304
[5,  1841] loss: 0.246
[5,  1851] loss: 0.238
[6,     1] loss: 0.017
[6,    11] loss: 0.206
[6,    21] loss: 0.219
[6,    31] loss: 0.199
[6,    41] loss: 0.219
[6,    51] loss: 0.211
[6,    61] loss: 0.341
[6,    71] loss: 0.166
[6,    81] loss: 0.281
[6,    91] loss: 0.152
[6,   101] loss: 0.306
[6,   111] loss: 0.338
[6,   121] loss: 0.114
[6,   131] loss: 0.143
[6,   141] loss: 0.074
[6,   151] loss: 0.217
[6,   161] loss: 0.116
[6,   171] loss: 0.159
[6,   181] loss: 0.230
[6,   191] loss: 0.309
[6,   201] loss: 0.171
[6,   211] loss: 0.409
[6,   221] loss: 0.231
[6,   231] loss: 0.246
[6,   241] loss: 0.200
[6,   251] loss: 0.110
[6,   261] loss: 0.130
[6,   271] loss: 0.097
[6,   281] loss: 0.467
[6,   291] loss: 0.323
[6,   301] loss: 0.257
[6,   311] loss: 0.263
[6,   321] loss: 0.202
[6,   331] loss: 0.182
[6,   341] loss: 0.148
[6,   351] loss: 0.132
[6,   361] loss: 0.508
[6,   371] loss: 0.307
[6,   381] loss: 0.285
[6,   391] loss: 0.234
[6,   401] loss: 0.130
[6,   411] loss: 0.133
[6,   421] loss: 0.226
[6,   431] loss: 0.118
[6,   441] loss: 0.157
[6,   451] loss: 0.249
[6,   461] loss: 0.156
[6,   471] loss: 0.158
[6,   481] loss: 0.095
[6,   491] loss: 0.373
[6,   501] loss: 0.216
[6,   511] loss: 0.206
[6,   521] loss: 0.252
[6,   531] loss: 0.426
[6,   541] loss: 0.207
[6,   551] loss: 0.271
[6,   561] loss: 0.244
[6,   571] loss: 0.194
[6,   581] loss: 0.188
[6,   591] loss: 0.355
[6,   601] loss: 0.227
[6,   611] loss: 0.128
[6,   621] loss: 0.214
[6,   631] loss: 0.253
[6,   641] loss: 0.170
[6,   651] loss: 0.183
[6,   661] loss: 0.464
[6,   671] loss: 0.278
[6,   681] loss: 0.235
[6,   691] loss: 0.171
[6,   701] loss: 0.231
[6,   711] loss: 0.237
[6,   721] loss: 0.072
[6,   731] loss: 0.090
[6,   741] loss: 0.038
[6,   751] loss: 0.344
[6,   761] loss: 0.177
[6,   771] loss: 0.193
[6,   781] loss: 0.327
[6,   791] loss: 0.224
[6,   801] loss: 0.275
[6,   811] loss: 0.192
[6,   821] loss: 0.205
[6,   831] loss: 0.175
[6,   841] loss: 0.465
[6,   851] loss: 0.173
[6,   861] loss: 0.304
[6,   871] loss: 0.164
[6,   881] loss: 0.140
[6,   891] loss: 0.123
[6,   901] loss: 0.137
[6,   911] loss: 0.054
[6,   921] loss: 0.611
[6,   931] loss: 0.253
[6,   941] loss: 0.348
[6,   951] loss: 0.186
[6,   961] loss: 0.144
[6,   971] loss: 0.188
[6,   981] loss: 0.190
[6,   991] loss: 0.182
[6,  1001] loss: 0.263
[6,  1011] loss: 0.280
[6,  1021] loss: 0.165
[6,  1031] loss: 0.268
[6,  1041] loss: 0.222
[6,  1051] loss: 0.225
[6,  1061] loss: 0.327
[6,  1071] loss: 0.191
[6,  1081] loss: 0.154
[6,  1091] loss: 0.093
[6,  1101] loss: 0.030
[6,  1111] loss: 0.186
[6,  1121] loss: 0.208
[6,  1131] loss: 0.136
[6,  1141] loss: 0.152
[6,  1151] loss: 0.227
[6,  1161] loss: 0.281
[6,  1171] loss: 0.324
[6,  1181] loss: 0.273
[6,  1191] loss: 0.190
[6,  1201] loss: 0.195
[6,  1211] loss: 0.319
[6,  1221] loss: 0.180
[6,  1231] loss: 0.260
[6,  1241] loss: 0.355
[6,  1251] loss: 0.244
[6,  1261] loss: 0.110
[6,  1271] loss: 0.272
[6,  1281] loss: 0.088
[6,  1291] loss: 0.406
[6,  1301] loss: 0.247
[6,  1311] loss: 0.155
[6,  1321] loss: 0.204
[6,  1331] loss: 0.322
[6,  1341] loss: 0.238
[6,  1351] loss: 0.323
[6,  1361] loss: 0.149
[6,  1371] loss: 0.161
[6,  1381] loss: 0.199
[6,  1391] loss: 0.242
[6,  1401] loss: 0.088
[6,  1411] loss: 0.262
[6,  1421] loss: 0.454
[6,  1431] loss: 0.078
[6,  1441] loss: 0.102
[6,  1451] loss: 0.177
[6,  1461] loss: 0.307
[6,  1471] loss: 0.208
[6,  1481] loss: 0.266
[6,  1491] loss: 0.175
[6,  1501] loss: 0.139
[6,  1511] loss: 0.128
[6,  1521] loss: 0.118
[6,  1531] loss: 0.423
[6,  1541] loss: 0.136
[6,  1551] loss: 0.162
[6,  1561] loss: 0.085
[6,  1571] loss: 0.089
[6,  1581] loss: 0.547
[6,  1591] loss: 0.354
[6,  1601] loss: 0.342
[6,  1611] loss: 0.289
[6,  1621] loss: 0.283
[6,  1631] loss: 0.175
[6,  1641] loss: 0.249
[6,  1651] loss: 0.220
[6,  1661] loss: 0.394
[6,  1671] loss: 0.147
[6,  1681] loss: 0.386
[6,  1691] loss: 0.288
[6,  1701] loss: 0.441
[6,  1711] loss: 0.192
[6,  1721] loss: 0.392
[6,  1731] loss: 0.235
[6,  1741] loss: 0.100
[6,  1751] loss: 0.262
[6,  1761] loss: 0.100
[6,  1771] loss: 0.320
[6,  1781] loss: 0.367
[6,  1791] loss: 0.257
[6,  1801] loss: 0.141
[6,  1811] loss: 0.196
[6,  1821] loss: 0.214
[6,  1831] loss: 0.321
[6,  1841] loss: 0.144
[6,  1851] loss: 0.109
[7,     1] loss: 0.030
[7,    11] loss: 0.371
[7,    21] loss: 0.162
[7,    31] loss: 0.133
[7,    41] loss: 0.299
[7,    51] loss: 0.364
[7,    61] loss: 0.290
[7,    71] loss: 0.115
[7,    81] loss: 0.299
[7,    91] loss: 0.174
[7,   101] loss: 0.173
[7,   111] loss: 0.271
[7,   121] loss: 0.219
[7,   131] loss: 0.228
[7,   141] loss: 0.065
[7,   151] loss: 0.299
[7,   161] loss: 0.156
[7,   171] loss: 0.272
[7,   181] loss: 0.314
[7,   191] loss: 0.241
[7,   201] loss: 0.211
[7,   211] loss: 0.242
[7,   221] loss: 0.267
[7,   231] loss: 0.201
[7,   241] loss: 0.147
[7,   251] loss: 0.221
[7,   261] loss: 0.297
[7,   271] loss: 0.274
[7,   281] loss: 0.227
[7,   291] loss: 0.096
[7,   301] loss: 0.186
[7,   311] loss: 0.071
[7,   321] loss: 0.271
[7,   331] loss: 0.266
[7,   341] loss: 0.156
[7,   351] loss: 0.220
[7,   361] loss: 0.328
[7,   371] loss: 0.123
[7,   381] loss: 0.315
[7,   391] loss: 0.178
[7,   401] loss: 0.223
[7,   411] loss: 0.152
[7,   421] loss: 0.240
[7,   431] loss: 0.190
[7,   441] loss: 0.294
[7,   451] loss: 0.123
[7,   461] loss: 0.429
[7,   471] loss: 0.201
[7,   481] loss: 0.174
[7,   491] loss: 0.192
[7,   501] loss: 0.209
[7,   511] loss: 0.141
[7,   521] loss: 0.223
[7,   531] loss: 0.019
[7,   541] loss: 0.088
[7,   551] loss: 0.035
[7,   561] loss: 0.354
[7,   571] loss: 0.191
[7,   581] loss: 0.248
[7,   591] loss: 0.307
[7,   601] loss: 0.218
[7,   611] loss: 0.173
[7,   621] loss: 0.277
[7,   631] loss: 0.226
[7,   641] loss: 0.297
[7,   651] loss: 0.088
[7,   661] loss: 0.135
[7,   671] loss: 0.272
[7,   681] loss: 0.225
[7,   691] loss: 0.292
[7,   701] loss: 0.248
[7,   711] loss: 0.166
[7,   721] loss: 0.257
[7,   731] loss: 0.104
[7,   741] loss: 0.216
[7,   751] loss: 0.283
[7,   761] loss: 0.280
[7,   771] loss: 0.144
[7,   781] loss: 0.180
[7,   791] loss: 0.203
[7,   801] loss: 0.144
[7,   811] loss: 0.302
[7,   821] loss: 0.135
[7,   831] loss: 0.221
[7,   841] loss: 0.178
[7,   851] loss: 0.321
[7,   861] loss: 0.353
[7,   871] loss: 0.233
[7,   881] loss: 0.252
[7,   891] loss: 0.162
[7,   901] loss: 0.067
[7,   911] loss: 0.292
[7,   921] loss: 0.331
[7,   931] loss: 0.315
[7,   941] loss: 0.362
[7,   951] loss: 0.226
[7,   961] loss: 0.434
[7,   971] loss: 0.242
[7,   981] loss: 0.246
[7,   991] loss: 0.321
[7,  1001] loss: 0.071
[7,  1011] loss: 0.134
[7,  1021] loss: 0.127
[7,  1031] loss: 0.069
[7,  1041] loss: 0.074
[7,  1051] loss: 0.102
[7,  1061] loss: 0.160
[7,  1071] loss: 0.275
[7,  1081] loss: 0.135
[7,  1091] loss: 0.058
[7,  1101] loss: 0.170
[7,  1111] loss: 0.270
[7,  1121] loss: 0.146
[7,  1131] loss: 0.234
[7,  1141] loss: 0.198
[7,  1151] loss: 0.213
[7,  1161] loss: 0.194
[7,  1171] loss: 0.106
[7,  1181] loss: 0.146
[7,  1191] loss: 0.019
[7,  1201] loss: 0.065
[7,  1211] loss: 0.279
[7,  1221] loss: 0.120
[7,  1231] loss: 0.273
[7,  1241] loss: 0.215
[7,  1251] loss: 0.092
[7,  1261] loss: 0.292
[7,  1271] loss: 0.168
[7,  1281] loss: 0.347
[7,  1291] loss: 0.131
[7,  1301] loss: 0.197
[7,  1311] loss: 0.089
[7,  1321] loss: 0.176
[7,  1331] loss: 0.283
[7,  1341] loss: 0.401
[7,  1351] loss: 0.256
[7,  1361] loss: 0.178
[7,  1371] loss: 0.261
[7,  1381] loss: 0.263
[7,  1391] loss: 0.200
[7,  1401] loss: 0.136
[7,  1411] loss: 0.131
[7,  1421] loss: 0.035
[7,  1431] loss: 0.247
[7,  1441] loss: 0.197
[7,  1451] loss: 0.176
[7,  1461] loss: 0.200
[7,  1471] loss: 0.227
[7,  1481] loss: 0.167
[7,  1491] loss: 0.271
[7,  1501] loss: 0.181
[7,  1511] loss: 0.210
[7,  1521] loss: 0.357
[7,  1531] loss: 0.250
[7,  1541] loss: 0.364
[7,  1551] loss: 0.208
[7,  1561] loss: 0.277
[7,  1571] loss: 0.172
[7,  1581] loss: 0.298
[7,  1591] loss: 0.216
[7,  1601] loss: 0.334
[7,  1611] loss: 0.313
[7,  1621] loss: 0.311
[7,  1631] loss: 0.216
[7,  1641] loss: 0.258
[7,  1651] loss: 0.133
[7,  1661] loss: 0.185
[7,  1671] loss: 0.396
[7,  1681] loss: 0.155
[7,  1691] loss: 0.313
[7,  1701] loss: 0.113
[7,  1711] loss: 0.530
[7,  1721] loss: 0.171
[7,  1731] loss: 0.338
[7,  1741] loss: 0.225
[7,  1751] loss: 0.154
[7,  1761] loss: 0.252
[7,  1771] loss: 0.117
[7,  1781] loss: 0.211
[7,  1791] loss: 0.237
[7,  1801] loss: 0.133
[7,  1811] loss: 0.143
[7,  1821] loss: 0.374
[7,  1831] loss: 0.246
[7,  1841] loss: 0.167
[7,  1851] loss: 0.217
[8,     1] loss: 0.003
[8,    11] loss: 0.158
[8,    21] loss: 0.168
[8,    31] loss: 0.119
[8,    41] loss: 0.201
[8,    51] loss: 0.195
[8,    61] loss: 0.269
[8,    71] loss: 0.241
[8,    81] loss: 0.301
[8,    91] loss: 0.111
[8,   101] loss: 0.286
[8,   111] loss: 0.091
[8,   121] loss: 0.166
[8,   131] loss: 0.267
[8,   141] loss: 0.232
[8,   151] loss: 0.223
[8,   161] loss: 0.091
[8,   171] loss: 0.256
[8,   181] loss: 0.256
[8,   191] loss: 0.125
[8,   201] loss: 0.091
[8,   211] loss: 0.165
[8,   221] loss: 0.373
[8,   231] loss: 0.116
[8,   241] loss: 0.304
[8,   251] loss: 0.068
[8,   261] loss: 0.088
[8,   271] loss: 0.149
[8,   281] loss: 0.160
[8,   291] loss: 0.145
[8,   301] loss: 0.421
[8,   311] loss: 0.282
[8,   321] loss: 0.169
[8,   331] loss: 0.237
[8,   341] loss: 0.280
[8,   351] loss: 0.134
[8,   361] loss: 0.176
[8,   371] loss: 0.138
[8,   381] loss: 0.216
[8,   391] loss: 0.265
[8,   401] loss: 0.249
[8,   411] loss: 0.278
[8,   421] loss: 0.101
[8,   431] loss: 0.271
[8,   441] loss: 0.111
[8,   451] loss: 0.112
[8,   461] loss: 0.082
[8,   471] loss: 0.278
[8,   481] loss: 0.187
[8,   491] loss: 0.160
[8,   501] loss: 0.281
[8,   511] loss: 0.261
[8,   521] loss: 0.078
[8,   531] loss: 0.251
[8,   541] loss: 0.104
[8,   551] loss: 0.134
[8,   561] loss: 0.277
[8,   571] loss: 0.193
[8,   581] loss: 0.110
[8,   591] loss: 0.110
[8,   601] loss: 0.283
[8,   611] loss: 0.129
[8,   621] loss: 0.126
[8,   631] loss: 0.217
[8,   641] loss: 0.175
[8,   651] loss: 0.105
[8,   661] loss: 0.116
[8,   671] loss: 0.156
[8,   681] loss: 0.073
[8,   691] loss: 0.476
[8,   701] loss: 0.254
[8,   711] loss: 0.102
[8,   721] loss: 0.137
[8,   731] loss: 0.243
[8,   741] loss: 0.079
[8,   751] loss: 0.146
[8,   761] loss: 0.308
[8,   771] loss: 0.270
[8,   781] loss: 0.153
[8,   791] loss: 0.421
[8,   801] loss: 0.244
[8,   811] loss: 0.170
[8,   821] loss: 0.208
[8,   831] loss: 0.089
[8,   841] loss: 0.279
[8,   851] loss: 0.177
[8,   861] loss: 0.251
[8,   871] loss: 0.089
[8,   881] loss: 0.168
[8,   891] loss: 0.373
[8,   901] loss: 0.100
[8,   911] loss: 0.133
[8,   921] loss: 0.060
[8,   931] loss: 0.197
[8,   941] loss: 0.255
[8,   951] loss: 0.218
[8,   961] loss: 0.218
[8,   971] loss: 0.360
[8,   981] loss: 0.139
[8,   991] loss: 0.288
[8,  1001] loss: 0.221
[8,  1011] loss: 0.256
[8,  1021] loss: 0.310
[8,  1031] loss: 0.258
[8,  1041] loss: 0.171
[8,  1051] loss: 0.314
[8,  1061] loss: 0.169
[8,  1071] loss: 0.306
[8,  1081] loss: 0.330
[8,  1091] loss: 0.164
[8,  1101] loss: 0.128
[8,  1111] loss: 0.350
[8,  1121] loss: 0.245
[8,  1131] loss: 0.190
[8,  1141] loss: 0.129
[8,  1151] loss: 0.252
[8,  1161] loss: 0.092
[8,  1171] loss: 0.085
[8,  1181] loss: 0.116
[8,  1191] loss: 0.480
[8,  1201] loss: 0.230
[8,  1211] loss: 0.304
[8,  1221] loss: 0.162
[8,  1231] loss: 0.224
[8,  1241] loss: 0.201
[8,  1251] loss: 0.350
[8,  1261] loss: 0.280
[8,  1271] loss: 0.187
[8,  1281] loss: 0.105
[8,  1291] loss: 0.101
[8,  1301] loss: 0.292
[8,  1311] loss: 0.237
[8,  1321] loss: 0.233
[8,  1331] loss: 0.269
[8,  1341] loss: 0.152
[8,  1351] loss: 0.278
[8,  1361] loss: 0.204
[8,  1371] loss: 0.266
[8,  1381] loss: 0.117
[8,  1391] loss: 0.177
[8,  1401] loss: 0.061
[8,  1411] loss: 0.300
[8,  1421] loss: 0.286
[8,  1431] loss: 0.364
[8,  1441] loss: 0.348
[8,  1451] loss: 0.257
[8,  1461] loss: 0.148
[8,  1471] loss: 0.317
[8,  1481] loss: 0.127
[8,  1491] loss: 0.118
[8,  1501] loss: 0.367
[8,  1511] loss: 0.057
[8,  1521] loss: 0.179
[8,  1531] loss: 0.300
[8,  1541] loss: 0.169
[8,  1551] loss: 0.186
[8,  1561] loss: 0.176
[8,  1571] loss: 0.180
[8,  1581] loss: 0.224
[8,  1591] loss: 0.220
[8,  1601] loss: 0.226
[8,  1611] loss: 0.200
[8,  1621] loss: 0.282
[8,  1631] loss: 0.177
[8,  1641] loss: 0.301
[8,  1651] loss: 0.352
[8,  1661] loss: 0.159
[8,  1671] loss: 0.202
[8,  1681] loss: 0.289
[8,  1691] loss: 0.208
[8,  1701] loss: 0.250
[8,  1711] loss: 0.311
[8,  1721] loss: 0.306
[8,  1731] loss: 0.212
[8,  1741] loss: 0.235
[8,  1751] loss: 0.106
[8,  1761] loss: 0.228
[8,  1771] loss: 0.091
[8,  1781] loss: 0.256
[8,  1791] loss: 0.218
[8,  1801] loss: 0.308
[8,  1811] loss: 0.251
[8,  1821] loss: 0.133
[8,  1831] loss: 0.107
[8,  1841] loss: 0.276
[8,  1851] loss: 0.221
[9,     1] loss: 0.018
[9,    11] loss: 0.151
[9,    21] loss: 0.093
[9,    31] loss: 0.040
[9,    41] loss: 0.168
[9,    51] loss: 0.278
[9,    61] loss: 0.135
[9,    71] loss: 0.133
[9,    81] loss: 0.225
[9,    91] loss: 0.188
[9,   101] loss: 0.058
[9,   111] loss: 0.236
[9,   121] loss: 0.073
[9,   131] loss: 0.237
[9,   141] loss: 0.258
[9,   151] loss: 0.156
[9,   161] loss: 0.112
[9,   171] loss: 0.218
[9,   181] loss: 0.206
[9,   191] loss: 0.103
[9,   201] loss: 0.371
[9,   211] loss: 0.226
[9,   221] loss: 0.131
[9,   231] loss: 0.158
[9,   241] loss: 0.441
[9,   251] loss: 0.102
[9,   261] loss: 0.288
[9,   271] loss: 0.191
[9,   281] loss: 0.211
[9,   291] loss: 0.227
[9,   301] loss: 0.235
[9,   311] loss: 0.084
[9,   321] loss: 0.075
[9,   331] loss: 0.103
[9,   341] loss: 0.146
[9,   351] loss: 0.234
[9,   361] loss: 0.326
[9,   371] loss: 0.359
[9,   381] loss: 0.149
[9,   391] loss: 0.224
[9,   401] loss: 0.290
[9,   411] loss: 0.125
[9,   421] loss: 0.185
[9,   431] loss: 0.204
[9,   441] loss: 0.126
[9,   451] loss: 0.204
[9,   461] loss: 0.299
[9,   471] loss: 0.120
[9,   481] loss: 0.095
[9,   491] loss: 0.204
[9,   501] loss: 0.096
[9,   511] loss: 0.406
[9,   521] loss: 0.168
[9,   531] loss: 0.254
[9,   541] loss: 0.174
[9,   551] loss: 0.202
[9,   561] loss: 0.197
[9,   571] loss: 0.169
[9,   581] loss: 0.239
[9,   591] loss: 0.143
[9,   601] loss: 0.304
[9,   611] loss: 0.127
[9,   621] loss: 0.084
[9,   631] loss: 0.095
[9,   641] loss: 0.155
[9,   651] loss: 0.484
[9,   661] loss: 0.127
[9,   671] loss: 0.097
[9,   681] loss: 0.085
[9,   691] loss: 0.218
[9,   701] loss: 0.216
[9,   711] loss: 0.214
[9,   721] loss: 0.305
[9,   731] loss: 0.082
[9,   741] loss: 0.076
[9,   751] loss: 0.169
[9,   761] loss: 0.296
[9,   771] loss: 0.054
[9,   781] loss: 0.121
[9,   791] loss: 0.237
[9,   801] loss: 0.383
[9,   811] loss: 0.271
[9,   821] loss: 0.191
[9,   831] loss: 0.320
[9,   841] loss: 0.130
[9,   851] loss: 0.160
[9,   861] loss: 0.199
[9,   871] loss: 0.040
[9,   881] loss: 0.353
[9,   891] loss: 0.079
[9,   901] loss: 0.212
[9,   911] loss: 0.239
[9,   921] loss: 0.159
[9,   931] loss: 0.167
[9,   941] loss: 0.285
[9,   951] loss: 0.108
[9,   961] loss: 0.362
[9,   971] loss: 0.136
[9,   981] loss: 0.200
[9,   991] loss: 0.122
[9,  1001] loss: 0.197
[9,  1011] loss: 0.190
[9,  1021] loss: 0.034
[9,  1031] loss: 0.258
[9,  1041] loss: 0.207
[9,  1051] loss: 0.307
[9,  1061] loss: 0.231
[9,  1071] loss: 0.312
[9,  1081] loss: 0.401
[9,  1091] loss: 0.243
[9,  1101] loss: 0.309
[9,  1111] loss: 0.196
[9,  1121] loss: 0.113
[9,  1131] loss: 0.293
[9,  1141] loss: 0.483
[9,  1151] loss: 0.216
[9,  1161] loss: 0.260
[9,  1171] loss: 0.239
[9,  1181] loss: 0.085
[9,  1191] loss: 0.376
[9,  1201] loss: 0.077
[9,  1211] loss: 0.318
[9,  1221] loss: 0.344
[9,  1231] loss: 0.175
[9,  1241] loss: 0.216
[9,  1251] loss: 0.243
[9,  1261] loss: 0.186
[9,  1271] loss: 0.115
[9,  1281] loss: 0.339
[9,  1291] loss: 0.329
[9,  1301] loss: 0.159
[9,  1311] loss: 0.180
[9,  1321] loss: 0.240
[9,  1331] loss: 0.096
[9,  1341] loss: 0.127
[9,  1351] loss: 0.124
[9,  1361] loss: 0.135
[9,  1371] loss: 0.047
[9,  1381] loss: 0.093
[9,  1391] loss: 0.060
[9,  1401] loss: 0.388
[9,  1411] loss: 0.172
[9,  1421] loss: 0.302
[9,  1431] loss: 0.244
[9,  1441] loss: 0.224
[9,  1451] loss: 0.090
[9,  1461] loss: 0.274
[9,  1471] loss: 0.221
[9,  1481] loss: 0.140
[9,  1491] loss: 0.068
[9,  1501] loss: 0.333
[9,  1511] loss: 0.168
[9,  1521] loss: 0.307
[9,  1531] loss: 0.251
[9,  1541] loss: 0.422
[9,  1551] loss: 0.134
[9,  1561] loss: 0.174
[9,  1571] loss: 0.179
[9,  1581] loss: 0.276
[9,  1591] loss: 0.297
[9,  1601] loss: 0.119
[9,  1611] loss: 0.087
[9,  1621] loss: 0.118
[9,  1631] loss: 0.329
[9,  1641] loss: 0.275
[9,  1651] loss: 0.231
[9,  1661] loss: 0.147
[9,  1671] loss: 0.185
[9,  1681] loss: 0.235
[9,  1691] loss: 0.124
[9,  1701] loss: 0.243
[9,  1711] loss: 0.126
[9,  1721] loss: 0.272
[9,  1731] loss: 0.344
[9,  1741] loss: 0.269
[9,  1751] loss: 0.184
[9,  1761] loss: 0.154
[9,  1771] loss: 0.283
[9,  1781] loss: 0.222
[9,  1791] loss: 0.425
[9,  1801] loss: 0.169
[9,  1811] loss: 0.155
[9,  1821] loss: 0.157
[9,  1831] loss: 0.292
[9,  1841] loss: 0.228
[9,  1851] loss: 0.195
[10,     1] loss: 0.015
[10,    11] loss: 0.185
[10,    21] loss: 0.193
[10,    31] loss: 0.223
[10,    41] loss: 0.124
[10,    51] loss: 0.156
[10,    61] loss: 0.202
[10,    71] loss: 0.105
[10,    81] loss: 0.172
[10,    91] loss: 0.187
[10,   101] loss: 0.168
[10,   111] loss: 0.160
[10,   121] loss: 0.134
[10,   131] loss: 0.406
[10,   141] loss: 0.153
[10,   151] loss: 0.088
[10,   161] loss: 0.071
[10,   171] loss: 0.255
[10,   181] loss: 0.136
[10,   191] loss: 0.342
[10,   201] loss: 0.089
[10,   211] loss: 0.312
[10,   221] loss: 0.253
[10,   231] loss: 0.117
[10,   241] loss: 0.214
[10,   251] loss: 0.247
[10,   261] loss: 0.087
[10,   271] loss: 0.253
[10,   281] loss: 0.348
[10,   291] loss: 0.186
[10,   301] loss: 0.299
[10,   311] loss: 0.208
[10,   321] loss: 0.156
[10,   331] loss: 0.033
[10,   341] loss: 0.051
[10,   351] loss: 0.346
[10,   361] loss: 0.033
[10,   371] loss: 0.200
[10,   381] loss: 0.206
[10,   391] loss: 0.371
[10,   401] loss: 0.251
[10,   411] loss: 0.270
[10,   421] loss: 0.324
[10,   431] loss: 0.107
[10,   441] loss: 0.378
[10,   451] loss: 0.165
[10,   461] loss: 0.098
[10,   471] loss: 0.137
[10,   481] loss: 0.125
[10,   491] loss: 0.269
[10,   501] loss: 0.080
[10,   511] loss: 0.203
[10,   521] loss: 0.338
[10,   531] loss: 0.200
[10,   541] loss: 0.192
[10,   551] loss: 0.176
[10,   561] loss: 0.183
[10,   571] loss: 0.182
[10,   581] loss: 0.235
[10,   591] loss: 0.209
[10,   601] loss: 0.301
[10,   611] loss: 0.159
[10,   621] loss: 0.163
[10,   631] loss: 0.237
[10,   641] loss: 0.170
[10,   651] loss: 0.220
[10,   661] loss: 0.214
[10,   671] loss: 0.232
[10,   681] loss: 0.208
[10,   691] loss: 0.127
[10,   701] loss: 0.133
[10,   711] loss: 0.104
[10,   721] loss: 0.222
[10,   731] loss: 0.347
[10,   741] loss: 0.198
[10,   751] loss: 0.193
[10,   761] loss: 0.178
[10,   771] loss: 0.171
[10,   781] loss: 0.196
[10,   791] loss: 0.239
[10,   801] loss: 0.256
[10,   811] loss: 0.233
[10,   821] loss: 0.170
[10,   831] loss: 0.151
[10,   841] loss: 0.066
[10,   851] loss: 0.091
[10,   861] loss: 0.255
[10,   871] loss: 0.157
[10,   881] loss: 0.287
[10,   891] loss: 0.352
[10,   901] loss: 0.131
[10,   911] loss: 0.114
[10,   921] loss: 0.116
[10,   931] loss: 0.318
[10,   941] loss: 0.070
[10,   951] loss: 0.242
[10,   961] loss: 0.226
[10,   971] loss: 0.211
[10,   981] loss: 0.163
[10,   991] loss: 0.261
[10,  1001] loss: 0.219
[10,  1011] loss: 0.135
[10,  1021] loss: 0.185
[10,  1031] loss: 0.127
[10,  1041] loss: 0.190
[10,  1051] loss: 0.125
[10,  1061] loss: 0.188
[10,  1071] loss: 0.105
[10,  1081] loss: 0.229
[10,  1091] loss: 0.060
[10,  1101] loss: 0.190
[10,  1111] loss: 0.291
[10,  1121] loss: 0.090
[10,  1131] loss: 0.173
[10,  1141] loss: 0.099
[10,  1151] loss: 0.228
[10,  1161] loss: 0.098
[10,  1171] loss: 0.321
[10,  1181] loss: 0.339
[10,  1191] loss: 0.225
[10,  1201] loss: 0.090
[10,  1211] loss: 0.194
[10,  1221] loss: 0.255
[10,  1231] loss: 0.170
[10,  1241] loss: 0.092
[10,  1251] loss: 0.124
[10,  1261] loss: 0.277
[10,  1271] loss: 0.138
[10,  1281] loss: 0.115
[10,  1291] loss: 0.311
[10,  1301] loss: 0.081
[10,  1311] loss: 0.069
[10,  1321] loss: 0.243
[10,  1331] loss: 0.205
[10,  1341] loss: 0.080
[10,  1351] loss: 0.159
[10,  1361] loss: 0.241
[10,  1371] loss: 0.132
[10,  1381] loss: 0.300
[10,  1391] loss: 0.133
[10,  1401] loss: 0.156
[10,  1411] loss: 0.099
[10,  1421] loss: 0.351
[10,  1431] loss: 0.239
[10,  1441] loss: 0.151
[10,  1451] loss: 0.298
[10,  1461] loss: 0.198
[10,  1471] loss: 0.221
[10,  1481] loss: 0.203
[10,  1491] loss: 0.158
[10,  1501] loss: 0.184
[10,  1511] loss: 0.253
[10,  1521] loss: 0.180
[10,  1531] loss: 0.233
[10,  1541] loss: 0.180
[10,  1551] loss: 0.186
[10,  1561] loss: 0.265
[10,  1571] loss: 0.099
[10,  1581] loss: 0.239
[10,  1591] loss: 0.319
[10,  1601] loss: 0.202
[10,  1611] loss: 0.266
[10,  1621] loss: 0.260
[10,  1631] loss: 0.343
[10,  1641] loss: 0.255
[10,  1651] loss: 0.257
[10,  1661] loss: 0.239
[10,  1671] loss: 0.206
[10,  1681] loss: 0.226
[10,  1691] loss: 0.181
[10,  1701] loss: 0.139
[10,  1711] loss: 0.083
[10,  1721] loss: 0.152
[10,  1731] loss: 0.045
[10,  1741] loss: 0.265
[10,  1751] loss: 0.179
[10,  1761] loss: 0.384
[10,  1771] loss: 0.274
[10,  1781] loss: 0.173
[10,  1791] loss: 0.178
[10,  1801] loss: 0.151
[10,  1811] loss: 0.177
[10,  1821] loss: 0.219
[10,  1831] loss: 0.045
[10,  1841] loss: 0.398
[10,  1851] loss: 0.176
finished training
2925
2717 87 161
Precision: 0.969 

Recall: 0.000
accuracy of the network: 92 %
